Log file open, 09/13/18 14:36:33
LogWindows: Failed to load 'aqProf.dll' (GetLastError=126)
LogWindows: File 'aqProf.dll' does not exist
LogWindows: Failed to load 'VSPerf140.dll' (GetLastError=126)
LogWindows: File 'VSPerf140.dll' does not exist
LogWindows: Failed to load 'VtuneApi.dll' (GetLastError=126)
LogWindows: File 'VtuneApi.dll' does not exist
LogWindows: Failed to load 'VtuneApi32e.dll' (GetLastError=126)
LogWindows: File 'VtuneApi32e.dll' does not exist
LogInit: Display: Running engine for game: TankMovement
LogPlatformFile: Not using cached read wrapper
LogTaskGraph: Started task graph with 5 named threads and 14 total threads with 3 sets of task threads.
LogStats: Stats thread started at 0.177804
LogD3D11RHI: Loaded GFSDK_Aftermath_Lib.x64.dll
LogICUInternationalization: Display: ICU TimeZone Detection - Raw Offset: +1:00, Platform Override: ''
LogPluginManager: Mounting plugin Paper2D
LogPluginManager: Mounting plugin AISupport
LogPluginManager: Mounting plugin LightPropagationVolume
LogPluginManager: Mounting plugin CLionSourceCodeAccess
LogPluginManager: Mounting plugin CodeLiteSourceCodeAccess
LogPluginManager: Mounting plugin GitSourceControl
LogPluginManager: Mounting plugin KDevelopSourceCodeAccess
LogPluginManager: Mounting plugin NullSourceCodeAccess
LogPluginManager: Mounting plugin PerforceSourceControl
LogPluginManager: Mounting plugin SubversionSourceControl
LogPluginManager: Mounting plugin UObjectPlugin
LogPluginManager: Mounting plugin VisualStudioCodeSourceCodeAccess
LogPluginManager: Mounting plugin VisualStudioSourceCodeAccess
LogPluginManager: Mounting plugin XCodeSourceCodeAccess
LogPluginManager: Mounting plugin AssetManagerEditor
LogPluginManager: Mounting plugin CryptoKeys
LogPluginManager: Mounting plugin DataValidation
LogPluginManager: Mounting plugin FacialAnimation
LogPluginManager: Mounting plugin GameplayTagsEditor
LogPluginManager: Mounting plugin MacGraphicsSwitching
LogPluginManager: Mounting plugin MeshEditor
LogPluginManager: Mounting plugin MobileLauncherProfileWizard
LogPluginManager: Mounting plugin PluginBrowser
LogPluginManager: Mounting plugin SpeedTreeImporter
LogPluginManager: Mounting plugin DatasmithContent
LogPluginManager: Mounting plugin AlembicImporter
LogPluginManager: Mounting plugin AppleImageUtils
LogPluginManager: Mounting plugin AppleVision
LogPluginManager: Mounting plugin BackChannel
LogPluginManager: Mounting plugin CharacterAI
LogPluginManager: Mounting plugin GeometryCache
LogPluginManager: Mounting plugin HTML5Networking
LogPluginManager: Mounting plugin ProxyLODPlugin
LogPluginManager: Mounting plugin MagicLeap
LogPluginManager: Mounting plugin MagicLeapEmulator
LogPluginManager: Mounting plugin MagicLeapMedia
LogPluginManager: Mounting plugin AndroidMedia
LogPluginManager: Mounting plugin AvfMedia
LogPluginManager: Mounting plugin ImgMedia
LogPluginManager: Mounting plugin LinearTimecode
LogPluginManager: Mounting plugin MediaCompositing
LogPluginManager: Mounting plugin MediaPlayerEditor
LogPluginManager: Mounting plugin WmfMedia
LogPluginManager: Mounting plugin TcpMessaging
LogPluginManager: Mounting plugin UdpMessaging
LogPluginManager: Mounting plugin ActorSequence
LogPluginManager: Mounting plugin LevelSequenceEditor
LogPluginManager: Mounting plugin MatineeToLevelSequence
LogPluginManager: Mounting plugin NetcodeUnitTest
LogPluginManager: Mounting plugin NUTUnrealEngine4
LogPluginManager: Mounting plugin OnlineSubsystemGooglePlay
LogPluginManager: Mounting plugin OnlineSubsystemIOS
LogPluginManager: Mounting plugin OnlineSubsystem
LogPluginManager: Mounting plugin OnlineSubsystemNull
LogPluginManager: Mounting plugin OnlineSubsystemUtils
LogPluginManager: Mounting plugin LauncherChunkInstaller
LogPluginManager: Mounting plugin AndroidDeviceProfileSelector
LogPluginManager: Mounting plugin AndroidMoviePlayer
LogPluginManager: Mounting plugin AndroidPermission
LogPluginManager: Mounting plugin AppleMoviePlayer
LogPluginManager: Mounting plugin ArchVisCharacter
LogPluginManager: Mounting plugin AudioCapture
LogPluginManager: Mounting plugin CableComponent
LogPluginManager: Mounting plugin CustomMeshComponent
LogPluginManager: Mounting plugin EditableMesh
LogPluginManager: Mounting plugin ExampleDeviceProfileSelector
LogPluginManager: Mounting plugin GoogleCloudMessaging
LogPluginManager: Mounting plugin ImmediatePhysics
LogPluginManager: Mounting plugin IOSDeviceProfileSelector
LogPluginManager: Mounting plugin LinuxDeviceProfileSelector
LogPluginManager: Mounting plugin LocationServicesBPLibrary
LogPluginManager: Mounting plugin MobilePatchingUtils
LogPluginManager: Mounting plugin OculusVR
LogPluginManager: Plugin shader directory ../../../Engine/Plugins/Runtime/Oculus/OculusVR/Shaders found
LogPluginManager: Mapping shader source directory ../../../Engine/Plugins/Runtime/Oculus/OculusVR/Shaders to virtual directory /Plugin/OculusVR
LogPluginManager: Mounting plugin PhysXVehicles
LogPluginManager: Mounting plugin ProceduralMeshComponent
LogPluginManager: Mounting plugin RuntimePhysXCooking
LogPluginManager: Mounting plugin SteamVR
LogPluginManager: Mounting plugin WindowsMoviePlayer
LogStreaming: Display: Took  0.055s to configure plugins.
LogInit: Using libcurl 7.55.1-DEV
LogInit:  - built for x86_64-pc-win32
LogInit:  - supports SSL with OpenSSL/1.0.2h
LogInit:  - supports HTTP deflate (compression) using libz 1.2.8
LogInit:  - other features:
LogInit:      CURL_VERSION_SSL
LogInit:      CURL_VERSION_LIBZ
LogInit:      CURL_VERSION_IPV6
LogInit:      CURL_VERSION_ASYNCHDNS
LogInit:      CURL_VERSION_LARGEFILE
LogInit:      CURL_VERSION_IDN
LogInit:  CurlRequestOptions (configurable via config and command line):
LogInit:  - bVerifyPeer = false  - Libcurl will NOT verify peer certificate
LogInit:  - bUseHttpProxy = false  - Libcurl will NOT use HTTP proxy
LogInit:  - bDontReuseConnections = false  - Libcurl will reuse connections
LogInit:  - CertBundlePath = nullptr  - Libcurl will use whatever was configured at build time.
LogInit:  - MaxHostConnections = 16  - Libcurl will limit the number of connections to a host
LogInit:  - LocalHostAddr = Default
LogInit:  - BufferSize = 65536
LogInit: WinSock: version 1.1 (2.2), MaxSocks=32767, MaxUdp=65467
LogInit: Build: ++UE4+Release-4.20-CL-4302132
LogInit: Engine Version: 4.20.2-4302132+++UE4+Release-4.20
LogInit: Compatible Engine Version: 4.20.0-4212847+++UE4+Release-4.20
LogInit: Net CL: 4212847
LogInit: OS: Windows 10 (), CPU: Intel(R) Core(TM) i5-4670K CPU @ 3.40GHz, GPU: NVIDIA GeForce GTX 1060 3GB
LogInit: Compiled (64-bit): Aug 21 2018 02:06:06
LogInit: Compiled with Visual C++: 19.13.26129.00
LogInit: Build Configuration: Development
LogInit: Branch Name: ++UE4+Release-4.20
LogInit: Command Line: 
LogInit: Base Directory: C:/Program Files/Epic Games/UE_4.20/Engine/Binaries/Win64/
LogInit: Installed Engine Build: 1
LogDevObjectVersion: Number of dev versions registered: 20
LogDevObjectVersion:   Dev-Blueprints (B0D832E4-1F89-4F0D-ACCF-7EB736FD4AA2): 10
LogDevObjectVersion:   Dev-Build (E1C64328-A22C-4D53-A36C-8E866417BD8C): 0
LogDevObjectVersion:   Dev-Core (375EC13C-06E4-48FB-B500-84F0262A717E): 2
LogDevObjectVersion:   Dev-Editor (E4B068ED-F494-42E9-A231-DA0B2E46BB41): 24
LogDevObjectVersion:   Dev-Framework (CFFC743F-43B0-4480-9391-14DF171D2073): 34
LogDevObjectVersion:   Dev-Mobile (B02B49B5-BB20-44E9-A304-32B752E40360): 2
LogDevObjectVersion:   Dev-Networking (A4E4105C-59A1-49B5-A7C5-40C4547EDFEE): 0
LogDevObjectVersion:   Dev-Online (39C831C9-5AE6-47DC-9A44-9C173E1C8E7C): 0
LogDevObjectVersion:   Dev-Physics (78F01B33-EBEA-4F98-B9B4-84EACCB95AA2): 0
LogDevObjectVersion:   Dev-Platform (6631380F-2D4D-43E0-8009-CF276956A95A): 0
LogDevObjectVersion:   Dev-Rendering (12F88B9F-8875-4AFC-A67C-D90C383ABD29): 26
LogDevObjectVersion:   Dev-Sequencer (7B5AE74C-D270-4C10-A958-57980B212A5A): 9
LogDevObjectVersion:   Dev-VR (D7296918-1DD6-4BDD-9DE2-64A83CC13884): 2
LogDevObjectVersion:   Dev-LoadTimes (C2A15278-BFE7-4AFE-6C17-90FF531DF755): 1
LogDevObjectVersion:   Private-Geometry (6EACA3D4-40EC-4CC1-B786-8BED09428FC5): 3
LogDevObjectVersion:   Dev-AnimPhys (29E575DD-E0A3-4627-9D10-D276232CDCEA): 17
LogDevObjectVersion:   Dev-ReflectionCapture (6B266CEC-1EC7-4B8F-A30B-E4D90942FC07): 1
LogDevObjectVersion:   Dev-Automation (0DF73D61-A23F-47EA-B727-89E90C41499A): 1
LogDevObjectVersion:   FortniteMain (601D1886-AC64-4F84-AA16-D3DE0DEAC7D6): 12
LogDevObjectVersion:   Dev-Enterprise (9DFFBCD6-494F-0158-E221-12823C92A888): 1
LogStreaming: Display: Took  0.000s to delete old logs.
LogInit: Presizing for max 8388607 objects, including 0 objects not considered by GC, pre-allocating 0 bytes for permanent pool.
LogInit: Object subsystem initialized
[2018.09.13-12.36.33:274][  0]LogInit: Selected Device Profile: [Windows]
[2018.09.13-12.36.33:274][  0]LogInit: Applying CVar settings loaded from the selected device profile: [Windows]
[2018.09.13-12.36.33:287][  0]LogHAL: Display: Platform has ~ 16 GB [17114587136 / 17179869184 / 16], which maps to Larger [LargestMinGB=32, LargerMinGB=12, DefaultMinGB=8, SmallerMinGB=6, SmallestMinGB=0)
[2018.09.13-12.36.33:287][  0]LogInit: Setting Device Profile CVar: [[r.Vulkan.UseRealUBs:1]]
[2018.09.13-12.36.33:287][  0]LogInit: Going up to parent DeviceProfile []
[2018.09.13-12.36.33:287][  0]LogInit: Computer: WH93149C
[2018.09.13-12.36.33:287][  0]LogInit: User: johnwalden
[2018.09.13-12.36.33:287][  0]LogInit: CPU Page size=4096, Cores=4
[2018.09.13-12.36.33:287][  0]LogInit: High frequency timer resolution =3.318392 MHz
[2018.09.13-12.36.33:287][  0]LogMemory: Memory total: Physical=15.9GB (16GB approx)
[2018.09.13-12.36.33:287][  0]LogMemory: Platform Memory Stats for Windows
[2018.09.13-12.36.33:287][  0]LogMemory: Process Physical Memory: 100.39 MB used, 100.39 MB peak
[2018.09.13-12.36.33:287][  0]LogMemory: Process Virtual Memory: 84.24 MB used, 84.24 MB peak
[2018.09.13-12.36.33:287][  0]LogMemory: Physical Memory: 4837.75 MB used,  11483.99 MB free, 16321.74 MB total
[2018.09.13-12.36.33:287][  0]LogMemory: Virtual Memory: 4620.22 MB used,  11483.99 MB free, 134217728.00 MB total
[2018.09.13-12.36.33:302][  0]LogInit: Using OS detected language (en-US).
[2018.09.13-12.36.33:302][  0]LogInit: Using OS detected locale (en-SE).
[2018.09.13-12.36.33:303][  0]LogTextLocalizationManager: No specific localization for 'en-US' exists, so the 'en' localization will be used.
[2018.09.13-12.36.33:670][  0]LogStreaming: Display: Took  0.367s to InitEngineTextLocalization.
[2018.09.13-12.36.33:670][  0]LogInit: Setting process to per monitor DPI aware
[2018.09.13-12.36.33:692][  0]LogSlate: New Slate User Created.  User Index 0, Is Virtual User: 0
[2018.09.13-12.36.33:692][  0]LogSlate: Slate User Registered.  User Index 0, Is Virtual User: 0
[2018.09.13-12.36.33:855][  0]LogHMD: Failed to initialize OpenVR with code 110
[2018.09.13-12.36.33:855][  0]LogD3D11RHI: D3D11 adapters:
[2018.09.13-12.36.33:902][  0]LogD3D11RHI:    0. 'NVIDIA GeForce GTX 1060 3GB' (Feature Level 11_0)
[2018.09.13-12.36.33:902][  0]LogD3D11RHI:       2988/0/8160 MB DedicatedVideo/DedicatedSystem/SharedSystem, Outputs:2, VendorId:0x10de
[2018.09.13-12.36.33:904][  0]LogD3D11RHI:    1. 'Microsoft Basic Render Driver' (Feature Level 11_0)
[2018.09.13-12.36.33:904][  0]LogD3D11RHI:       0/0/8160 MB DedicatedVideo/DedicatedSystem/SharedSystem, Outputs:0, VendorId:0x1414
[2018.09.13-12.36.33:904][  0]LogD3D11RHI: Chosen D3D11 Adapter: 0
[2018.09.13-12.36.33:910][  0]LogD3D11RHI: Creating new Direct3DDevice
[2018.09.13-12.36.33:910][  0]LogD3D11RHI:     GPU DeviceId: 0x1c02 (for the marketing name, search the web for "GPU Device Id")
[2018.09.13-12.36.33:910][  0]LogWindows: EnumDisplayDevices:
[2018.09.13-12.36.33:910][  0]LogWindows:    0. 'NVIDIA GeForce GTX 1060 3GB' (P:1 D:1)
[2018.09.13-12.36.33:910][  0]LogWindows:    1. 'NVIDIA GeForce GTX 1060 3GB' (P:0 D:1)
[2018.09.13-12.36.33:911][  0]LogWindows:    2. 'NVIDIA GeForce GTX 1060 3GB' (P:0 D:0)
[2018.09.13-12.36.33:911][  0]LogWindows:    3. 'NVIDIA GeForce GTX 1060 3GB' (P:0 D:0)
[2018.09.13-12.36.33:911][  0]LogWindows: DebugString: FoundDriverCount:4 
[2018.09.13-12.36.33:911][  0]LogD3D11RHI:     Adapter Name: NVIDIA GeForce GTX 1060 3GB
[2018.09.13-12.36.33:911][  0]LogD3D11RHI:   Driver Version: 399.24 (internal:24.21.13.9924, unified:399.24)
[2018.09.13-12.36.33:911][  0]LogD3D11RHI:      Driver Date: 9-5-2018
[2018.09.13-12.36.33:911][  0]LogRHI: Texture pool is 2091 MB (70% of 2988 MB)
[2018.09.13-12.36.33:944][  0]LogD3D11RHI: Async texture creation enabled
[2018.09.13-12.36.33:988][  0]LogD3D11RHI: GPU Timing Frequency: 1000.000000 (Debug: 2 2)
[2018.09.13-12.36.34:038][  0]LogShaderCompilers: Guid format shader working directory is 23 characters bigger than the processId version (D:/GitHub/Class1/TankMovement/Intermediate/Shaders/WorkingDirectory/4212/).
[2018.09.13-12.36.34:038][  0]LogShaderCompilers: Cleaned the shader compiler working directory 'C:/Users/john.walden/AppData/Local/Temp/UnrealShaderWorkingDir/26CD94744A16E38EEB08E69A4AB4CAF3/'.
[2018.09.13-12.36.34:270][  0]LogTemp: Display: Loaded TP AllDesktopTargetPlatform
[2018.09.13-12.36.34:283][  0]LogTemp: Display: Loaded TP MacClientTargetPlatform
[2018.09.13-12.36.34:295][  0]LogTemp: Display: Loaded TP MacNoEditorTargetPlatform
[2018.09.13-12.36.34:307][  0]LogTemp: Display: Loaded TP MacServerTargetPlatform
[2018.09.13-12.36.34:320][  0]LogTemp: Display: Loaded TP MacTargetPlatform
[2018.09.13-12.36.34:332][  0]LogTemp: Display: Loaded TP WindowsClientTargetPlatform
[2018.09.13-12.36.34:344][  0]LogTemp: Display: Loaded TP WindowsNoEditorTargetPlatform
[2018.09.13-12.36.34:356][  0]LogTemp: Display: Loaded TP WindowsServerTargetPlatform
[2018.09.13-12.36.34:362][  0]LogTemp: Display: Loaded TP WindowsTargetPlatform
[2018.09.13-12.36.34:435][  0]LogTemp: Display: Loaded TP AndroidTargetPlatform
[2018.09.13-12.36.34:435][  0]LogTemp: Display: Loaded TP AndroidTargetPlatform
[2018.09.13-12.36.34:435][  0]LogTemp: Display: Loaded TP AndroidTargetPlatform
[2018.09.13-12.36.34:435][  0]LogTemp: Display: Loaded TP AndroidTargetPlatform
[2018.09.13-12.36.34:435][  0]LogTemp: Display: Loaded TP AndroidTargetPlatform
[2018.09.13-12.36.34:435][  0]LogTemp: Display: Loaded TP AndroidTargetPlatform
[2018.09.13-12.36.34:435][  0]LogTemp: Display: Loaded TP AndroidTargetPlatform
[2018.09.13-12.36.34:435][  0]LogTemp: Display: Loaded TP AndroidTargetPlatform
[2018.09.13-12.36.34:436][  0]LogTemp: Display: Loaded TP AndroidTargetPlatform
[2018.09.13-12.36.34:436][  0]LogTemp: Display: Loaded TP AndroidTargetPlatform
[2018.09.13-12.36.34:436][  0]LogTemp: Display: Loaded TP AndroidTargetPlatform
[2018.09.13-12.36.34:436][  0]LogTemp: Display: Loaded TP AndroidTargetPlatform
[2018.09.13-12.36.34:436][  0]LogTemp: Display: Loaded TP AndroidTargetPlatform
[2018.09.13-12.36.34:436][  0]LogTemp: Display: Loaded TP AndroidTargetPlatform
[2018.09.13-12.36.34:436][  0]LogTemp: Display: Loaded TP AndroidTargetPlatform
[2018.09.13-12.36.34:436][  0]LogTemp: Display: Loaded TP AndroidTargetPlatform
[2018.09.13-12.36.34:436][  0]LogTemp: Display: Loaded TP AndroidTargetPlatform
[2018.09.13-12.36.34:436][  0]LogTemp: Display: Loaded TP AndroidTargetPlatform
[2018.09.13-12.36.34:437][  0]LogTemp: Display: Loaded TP HTML5TargetPlatform
[2018.09.13-12.36.34:492][  0]LogTemp: Display: Loaded TP IOSTargetPlatform
[2018.09.13-12.36.34:492][  0]LogTemp: Display: Loaded TP IOSTargetPlatform
[2018.09.13-12.36.34:514][  0]LogTemp: Display: Loaded TP TVOSTargetPlatform
[2018.09.13-12.36.34:514][  0]LogTemp: Display: Loaded TP TVOSTargetPlatform
[2018.09.13-12.36.34:525][  0]LogTemp: Display: Loaded TP LinuxClientTargetPlatform
[2018.09.13-12.36.34:536][  0]LogTemp: Display: Loaded TP LinuxNoEditorTargetPlatform
[2018.09.13-12.36.34:548][  0]LogTemp: Display: Loaded TP LinuxServerTargetPlatform
[2018.09.13-12.36.34:560][  0]LogTemp: Display: Loaded TP LinuxTargetPlatform
[2018.09.13-12.36.34:569][  0]LogTemp: Display: Loaded TP LuminTargetPlatform
[2018.09.13-12.36.34:569][  0]LogTargetPlatformManager: Display: Building Assets For Windows
[2018.09.13-12.36.34:616][  0]LogXGEController: Cannot use XGE Controller as Incredibuild is not installed on this machine.
[2018.09.13-12.36.34:616][  0]LogShaderCompilers: Cannot use XGE Shader Compiler as Incredibuild is not installed on this machine.
[2018.09.13-12.36.34:616][  0]LogShaderCompilers: Display: Using Local Shader Compiler.
[2018.09.13-12.36.35:276][  0]LogDerivedDataCache: Display: Max Cache Size: 512 MB
[2018.09.13-12.36.35:327][  0]LogDerivedDataCache: Loaded boot cache 0.05s 71MB C:/Users/john.walden/AppData/Local/UnrealEngine/4.20/DerivedDataCache/Boot.ddc.
[2018.09.13-12.36.35:327][  0]LogDerivedDataCache: Display: Loaded Boot cache: C:/Users/john.walden/AppData/Local/UnrealEngine/4.20/DerivedDataCache/Boot.ddc
[2018.09.13-12.36.35:327][  0]LogDerivedDataCache: FDerivedDataBackendGraph:  Pak pak cache file D:/GitHub/Class1/TankMovement/DerivedDataCache/DDC.ddp not found, will not use a pak cache.
[2018.09.13-12.36.35:327][  0]LogDerivedDataCache: Unable to find inner node Pak for hierarchical cache Hierarchy.
[2018.09.13-12.36.35:327][  0]LogDerivedDataCache: FDerivedDataBackendGraph:  CompressedPak pak cache file D:/GitHub/Class1/TankMovement/DerivedDataCache/Compressed.ddp not found, will not use a pak cache.
[2018.09.13-12.36.35:328][  0]LogDerivedDataCache: Unable to find inner node CompressedPak for hierarchical cache Hierarchy.
[2018.09.13-12.36.35:339][  0]LogDerivedDataCache: Display: Pak cache opened for reading ../../../Engine/DerivedDataCache/Compressed.ddp.
[2018.09.13-12.36.35:351][  0]LogDerivedDataCache: Using Local data cache path C:/Users/john.walden/AppData/Local/UnrealEngine/Common/DerivedDataCache: Writable
[2018.09.13-12.36.35:351][  0]LogDerivedDataCache: Shared data cache path not found in *engine.ini, will not use an Shared cache.
[2018.09.13-12.36.35:351][  0]LogDerivedDataCache: Unable to find inner node Shared for hierarchical cache Hierarchy.
[2018.09.13-12.36.35:369][  0]LogMaterial: Verifying Global Shaders for PCD3D_SM5
[2018.09.13-12.36.35:370][  0]LogSlate: Using FreeType 2.6.0
[2018.09.13-12.36.35:371][  0]LogSlate: SlateFontServices - WITH_FREETYPE: 1, WITH_HARFBUZZ: 1
[2018.09.13-12.36.35:440][  0]LogAssetRegistry: FAssetRegistry took 0.0264 seconds to start up
[2018.09.13-12.36.35:724][  0]LogInit: Selected Device Profile: [Windows]
[2018.09.13-12.36.35:840][  0]LogSimplygon: Simplygon DLL not present - disabling.
[2018.09.13-12.36.35:843][  0]LogMeshReduction: Using SimplygonSwarm for distributed automatic mesh merging
[2018.09.13-12.36.35:843][  0]LogMeshReduction: Using ProxyLODMeshReduction for automatic mesh merging
[2018.09.13-12.36.35:843][  0]LogMeshReduction: Using QuadricMeshReduction for automatic static mesh reduction
[2018.09.13-12.36.35:843][  0]LogMeshReduction: No automatic skeletal mesh reduction module available
[2018.09.13-12.36.35:858][  0]LogNetVersion: TankMovement 1.0.0, NetCL: 4212847, EngineNetVer: 5, GameNetVer: 0 (Checksum: 564003690)
[2018.09.13-12.36.36:284][  0]LogPackageLocalizationCache: Processed 11 localized package path(s) for 2 prioritized culture(s) in 0.072267 seconds
[2018.09.13-12.36.36:290][  0]LogUObjectArray: 38425 objects as part of root set at end of initial load.
[2018.09.13-12.36.36:290][  0]LogUObjectAllocator: 6690864 out of 0 bytes used by permanent object pool.
[2018.09.13-12.36.36:290][  0]LogUObjectArray: CloseDisregardForGC: 0/0 objects in disregard for GC pool
[2018.09.13-12.36.37:054][  0]LogTcpMessaging: Initializing TcpMessaging bridge
[2018.09.13-12.36.37:066][  0]LogUdpMessaging: Initializing bridge on interface 0.0.0.0:0 to multicast group 230.0.0.1:6666.
[2018.09.13-12.36.37:243][  0]SourceControl: Source control is disabled
[2018.09.13-12.36.37:243][  0]SourceControl: Source control is disabled
[2018.09.13-12.36.37:244][  0]SourceControl: Source control is disabled
[2018.09.13-12.36.37:245][  0]SourceControl: Source control is disabled
[2018.09.13-12.36.37:425][  0]LogAndroidPermission: UAndroidPermissionCallbackProxy::GetInstance
[2018.09.13-12.36.37:485][  0]LogOcInput: OculusInput pre-init called
[2018.09.13-12.36.37:541][  0]LogEngine: Initializing Engine...
[2018.09.13-12.36.37:541][  0]LogHMD: Failed to initialize OpenVR with code 110
[2018.09.13-12.36.37:542][  0]LogStats: UGameplayTagsManager::ConstructGameplayTagTree: ImportINI prefixes -  0.000 s
[2018.09.13-12.36.37:542][  0]LogStats: UGameplayTagsManager::ConstructGameplayTagTree: Construct from data asset -  0.000 s
[2018.09.13-12.36.37:542][  0]LogStats: UGameplayTagsManager::ConstructGameplayTagTree: ImportINI -  0.000 s
[2018.09.13-12.36.37:542][  0]LogStats: UGameplayTagsManager::ConstructGameplayTagTree: GameplayTagTreeChangedEvent.Broadcast -  0.000 s
[2018.09.13-12.36.37:734][  0]LogInit: Initializing FReadOnlyCVARCache
[2018.09.13-12.36.37:744][  0]LogAIModule: Creating AISystem for world Untitled
[2018.09.13-12.36.37:756][  0]LogInit: XAudio2 using 'ASUS VS247 (NVIDIA High Definition Audio)' : 2 channels at 48 kHz using 16 bits per sample (channel mask 0x3)
[2018.09.13-12.36.37:774][  0]LogInit: FAudioDevice initialized.
[2018.09.13-12.36.37:775][  0]LogNetVersion: Set ProjectVersion to 1.0.0.0. Version Checksum will be recalculated on next use.
[2018.09.13-12.36.37:844][  0]LogDerivedDataCache: Saved boot cache 0.07s 71MB C:/Users/john.walden/AppData/Local/UnrealEngine/4.20/DerivedDataCache/Boot.ddc.
[2018.09.13-12.36.37:855][  0]LogInit: Texture streaming: Enabled
[2018.09.13-12.36.37:868][  0]LogEngineSessionManager: EngineSessionManager initialized
[2018.09.13-12.36.37:879][  0]LogInit: Transaction tracking system initialized
[2018.09.13-12.36.37:895][  0]BlueprintLog: New page: Editor Load
[2018.09.13-12.36.37:957][  0]LocalizationService: Localization service is disabled
[2018.09.13-12.36.38:203][  0]LogCook: Display: Max memory allowance for cook 16384mb min free memory 0mb
[2018.09.13-12.36.38:203][  0]LogCook: Display: Mobile HDR setting 1
[2018.09.13-12.36.38:203][  0]LogGameplayTags: Display: UGameplayTagsManager::DoneAddingNativeTags. DelegateIsBound: 0
[2018.09.13-12.36.38:203][  0]LogStats: UGameplayTagsManager::ConstructGameplayTagTree: ImportINI prefixes -  0.000 s
[2018.09.13-12.36.38:203][  0]LogStats: UGameplayTagsManager::ConstructGameplayTagTree: Construct from data asset -  0.000 s
[2018.09.13-12.36.38:203][  0]LogStats: UGameplayTagsManager::ConstructGameplayTagTree: ImportINI -  0.000 s
[2018.09.13-12.36.38:203][  0]LogStats: UGameplayTagsManager::ConstructGameplayTagTree: GameplayTagTreeChangedEvent.Broadcast -  0.000 s
[2018.09.13-12.36.38:307][  0]LogFileCache: Scanning file cache for directory 'D:/GitHub/Class1/TankMovement/Content/' took 0.01s
[2018.09.13-12.36.38:307][  0]SourceControl: Source control is disabled
[2018.09.13-12.36.38:307][  0]Cmd: MAP LOAD FILE="D:/GitHub/Class1/TankMovement/Content/Maps/TankScene.umap" TEMPLATE=0 SHOWPROGRESS=1 FEATURELEVEL=3
[2018.09.13-12.36.38:307][  0]LightingResults: New page: Lighting Build
[2018.09.13-12.36.38:309][  0]MapCheck: New page: Map Check
[2018.09.13-12.36.38:309][  0]LightingResults: New page: Lighting Build
[2018.09.13-12.36.38:622][  0]LogAIModule: Creating AISystem for world TankScene
[2018.09.13-12.36.38:630][  0]LogEditorServer: Finished looking for orphan Actors (0.000 secs)
[2018.09.13-12.36.38:652][  0]Cmd: MAP CHECKDEP NOCLEARLOG
[2018.09.13-12.36.38:707][  0]MapCheck: Map check complete: 0 Error(s), 0 Warning(s), took 54.962ms to complete.
[2018.09.13-12.36.38:707][  0]LogFileHelpers: Loading map 'TankScene' took 0.401
[2018.09.13-12.36.38:843][  0]LogSlate: Updating window title bar state: overlay mode, drag disabled, window buttons hidden, title bar hidden
[2018.09.13-12.36.38:850][  0]LogSlate: Updating window title bar state: overlay mode, drag disabled, window buttons hidden, title bar hidden
[2018.09.13-12.36.38:858][  0]LogSlate: Updating window title bar state: overlay mode, drag disabled, window buttons hidden, title bar hidden
[2018.09.13-12.36.38:865][  0]LogSlate: Updating window title bar state: overlay mode, drag disabled, window buttons hidden, title bar hidden
[2018.09.13-12.36.38:870][  0]LogCollectionManager: Loaded 0 collections in 0.001168 seconds
[2018.09.13-12.36.38:911][  0]LogFileCache: Scanning file cache for directory 'D:/GitHub/Class1/TankMovement/Saved/Collections/' took 0.01s
[2018.09.13-12.36.38:911][  0]LogFileCache: Scanning file cache for directory 'D:/GitHub/Class1/TankMovement/Content/Developers/johnwalden/Collections/' took 0.01s
[2018.09.13-12.36.38:911][  0]LogFileCache: Scanning file cache for directory 'D:/GitHub/Class1/TankMovement/Content/Collections/' took 0.01s
[2018.09.13-12.36.38:911][  0]LogCollectionManager: Rebuilt the GUID cache for 0 collections in 0.000000 seconds
[2018.09.13-12.36.38:920][  0]LogContentBrowser: Native class hierarchy populated in 0.0083 seconds. Added 2572 classes and 603 folders.
[2018.09.13-12.36.38:925][  0]LogContentBrowser: Native class hierarchy updated for 'WidgetCarousel' in 0.0002 seconds. Added 0 classes and 0 folders.
[2018.09.13-12.36.38:959][  0]LogContentBrowser: Native class hierarchy updated for 'AddContentDialog' in 0.0002 seconds. Added 0 classes and 0 folders.
[2018.09.13-12.36.38:963][  0]LogContentBrowser: Native class hierarchy updated for 'SceneOutliner' in 0.0002 seconds. Added 1 classes and 2 folders.
[2018.09.13-12.36.39:855][  0]LogSlate: Only BGRA pngs, bmps or icos are supported in by External Image Picker
[2018.09.13-12.36.39:896][  0]LogTemp: Executing iPhonePackager certificates Engine -bundlename com.YourCompany.TankMovement
[2018.09.13-12.36.39:896][  0]LogTemp: CWD: C:\Program Files\Epic Games\UE_4.20\Engine\Binaries\DotNET\IOS
[2018.09.13-12.36.39:896][  0]LogTemp: Initial Dir: C:\Program Files\Epic Games\UE_4.20
[2018.09.13-12.36.39:896][  0]LogTemp: Env CWD: C:\Program Files\Epic Games\UE_4.20\Engine\Binaries\DotNET\IOS
[2018.09.13-12.36.39:896][  0]LogSlate: Took 0.000213 seconds to synchronously load lazily loaded font '../../../Engine/Content/Slate/Fonts/Roboto-Regular.ttf' (155K)
[2018.09.13-12.36.39:897][  0]LogSlate: Took 0.000163 seconds to synchronously load lazily loaded font '../../../Engine/Content/Slate/Fonts/Roboto-Bold.ttf' (160K)
[2018.09.13-12.36.39:902][  0]LogSlate: Took 0.000179 seconds to synchronously load lazily loaded font '../../../Engine/Content/Editor/Slate/Fonts/FontAwesome.ttf' (139K)
[2018.09.13-12.36.39:980][  0]LogTemp: BranchPath = WH93149C/C/Program Files/Epic Games/UE_4.20/Engine/Binaries --- GameBranchPath = WH93149C/C/Program Files/Epic Games/UE_4.20/Engine/Binaries
[2018.09.13-12.36.39:980][  0]LogTemp: IPP ERROR: Could not find provision directory 'C:\Users\john.walden\AppData\Local/Apple Computer/MobileDevice/Provisioning Profiles/'.
[2018.09.13-12.36.39:980][  0]LogRenderer: Reallocating scene render targets to support 1144x576 Format 10 NumSamples 1 (Frame:1).
[2018.09.13-12.36.40:089][  0]LogContentBrowser: Native class hierarchy updated for 'HierarchicalLODOutliner' in 0.0003 seconds. Added 0 classes and 0 folders.
[2018.09.13-12.36.40:089][  0]LogLoad: (Engine Initialization) Total time: 7.99 seconds
[2018.09.13-12.36.40:089][  0]LogLoad: (Engine Initialization) Total Blueprint compile time: 0.00 seconds
[2018.09.13-12.36.40:099][  0]LogWindowsTextInputMethodSystem: Display: IME system now deactivated.
[2018.09.13-12.36.40:125][  0]LogContentStreaming: Texture pool size now 1000 MB
[2018.09.13-12.36.40:223][  0]LogSlate: Took 0.000263 seconds to synchronously load lazily loaded font '../../../Engine/Content/Slate/Fonts/Roboto-Light.ttf' (167K)
[2018.09.13-12.36.40:244][  1]LogAssetRegistry: Asset discovery search completed in 4.8268 seconds
[2018.09.13-12.36.40:247][  1]LogCollectionManager: Rebuilt the object cache for 0 collections in 0.000001 seconds (found 0 objects)
[2018.09.13-12.36.40:247][  1]LogCollectionManager: Fixed up redirectors for 0 collections in 0.000052 seconds (updated 0 objects)
[2018.09.13-12.36.41:123][ 99]LogSlate: Took 0.000200 seconds to synchronously load lazily loaded font '../../../Engine/Content/Slate/Fonts/Roboto-Light.ttf' (167K)
[2018.09.13-12.36.43:055][326]LogSlate: FSceneViewport::OnFocusLost() reason 0
[2018.09.13-12.36.43:160][336]LogAssetEditorManager: Opening Asset editor for Blueprint /Game/BlueprintsMain/Character/BP_PlayerController.BP_PlayerController
[2018.09.13-12.36.43:592][336]LogContentBrowser: Native class hierarchy updated for 'BlueprintGraph' in 0.0006 seconds. Added 116 classes and 0 folders.
[2018.09.13-12.36.44:341][336]LogAssetEditorManager: Opening Asset editor for Material /Game/Materials/M_TankSides.M_TankSides
[2018.09.13-12.36.44:344][336]LogMaterial: Display: Missing cached shader map for material M_TankSides, compiling. 
[2018.09.13-12.36.44:622][336]LogMaterial: Display: Missing cached shader map for material M_TankSides, compiling. 
[2018.09.13-12.36.44:640][336]LogShaderCompilers: Display: Shaders left to compile 21
[2018.09.13-12.36.44:640][336]LogShaderCompilers: Display: Shaders left to compile 20
[2018.09.13-12.36.44:640][336]LogShaderCompilers: Display: Shaders left to compile 19
[2018.09.13-12.36.44:665][336]LogMaterial: Display: Missing cached shader map for material FMatExpressionPreview MaterialExpressionConstant3Vector_0, compiling. 
[2018.09.13-12.36.44:669][336]LogMaterial: Display: Missing cached shader map for material FMatExpressionPreview MaterialExpressionConstant3Vector_1, compiling. 
[2018.09.13-12.36.44:705][336]LogAssetEditorManager: Opening Asset editor for Blueprint /Game/BlueprintsMain/Character/BP_Tank.BP_Tank
[2018.09.13-12.36.45:027][336]LogAssetEditorManager: Opening Asset editor for Material /Game/Materials/M_TurretTop.M_TurretTop
[2018.09.13-12.36.45:030][336]LogMaterial: Display: Missing cached shader map for material M_TurretTop, compiling. 
[2018.09.13-12.36.45:105][336]LogShaderCompilers: Display: Shaders left to compile 22
[2018.09.13-12.36.45:105][336]LogShaderCompilers: Display: Shaders left to compile 21
[2018.09.13-12.36.45:107][336]LogMaterial: Display: Missing cached shader map for material M_TurretTop, compiling. 
[2018.09.13-12.36.45:145][336]LogMaterial: Display: Missing cached shader map for material FMatExpressionPreview MaterialExpressionConstant3Vector_0, compiling. 
[2018.09.13-12.36.45:150][336]LogMaterial: Display: Missing cached shader map for material FMatExpressionPreview MaterialExpressionConstant3Vector_1, compiling. 
[2018.09.13-12.36.45:185][336]LogAssetEditorManager: Opening Asset editor for Material /Game/Materials/M_TankHead.M_TankHead
[2018.09.13-12.36.45:188][336]LogMaterial: Display: Missing cached shader map for material M_TankHead, compiling. 
[2018.09.13-12.36.45:269][336]LogMaterial: Display: Missing cached shader map for material M_TankHead, compiling. 
[2018.09.13-12.36.45:287][336]LogShaderCompilers: Display: Shaders left to compile 66
[2018.09.13-12.36.45:299][336]LogShaderCompilers: Display: Shaders left to compile 65
[2018.09.13-12.36.45:311][336]LogMaterial: Display: Missing cached shader map for material FMatExpressionPreview MaterialExpressionConstant3Vector_0, compiling. 
[2018.09.13-12.36.45:316][336]LogMaterial: Display: Missing cached shader map for material FMatExpressionPreview MaterialExpressionConstant3Vector_1, compiling. 
[2018.09.13-12.36.45:347][336]LogShaderCompilers: Display: Shaders left to compile 68
[2018.09.13-12.36.45:350][336]LogAssetEditorManager: Opening Asset editor for Material /Game/Materials/M_TankBase.M_TankBase
[2018.09.13-12.36.45:352][336]LogMaterial: Display: Missing cached shader map for material M_TankBase, compiling. 
[2018.09.13-12.36.45:429][336]LogMaterial: Display: Missing cached shader map for material M_TankBase, compiling. 
[2018.09.13-12.36.45:459][336]LogShaderCompilers: Display: Shaders left to compile 88
[2018.09.13-12.36.45:471][336]LogMaterial: Display: Missing cached shader map for material FMatExpressionPreview MaterialExpressionConstant3Vector_0, compiling. 
[2018.09.13-12.36.45:503][336]LogShaderCompilers: Display: Shaders left to compile 89
[2018.09.13-12.36.45:503][336]LogShaderCompilers: Display: Shaders left to compile 88
[2018.09.13-12.36.45:506][336]LogAssetEditorManager: Opening Asset editor for Material /Game/Materials/M_TurretCentre.M_TurretCentre
[2018.09.13-12.36.45:508][336]LogMaterial: Display: Missing cached shader map for material M_TurretCentre, compiling. 
[2018.09.13-12.36.45:587][336]LogMaterial: Display: Missing cached shader map for material M_TurretCentre, compiling. 
[2018.09.13-12.36.45:631][336]LogMaterial: Display: Missing cached shader map for material FMatExpressionPreview MaterialExpressionConstant3Vector_0, compiling. 
[2018.09.13-12.36.45:635][336]LogMaterial: Display: Missing cached shader map for material FMatExpressionPreview MaterialExpressionConstant3Vector_1, compiling. 
[2018.09.13-12.36.45:668][336]LogShaderCompilers: Display: Shaders left to compile 112
[2018.09.13-12.36.45:671][336]LogAssetEditorManager: Opening Asset editor for Blueprint /Game/BlueprintsMain/Projectiles/BP_PlayerProj.BP_PlayerProj
[2018.09.13-12.36.45:953][336]LogShaderCompilers: Display: Shaders left to compile 111
[2018.09.13-12.36.45:987][336]LogShaderCompilers: Display: Shaders left to compile 110
[2018.09.13-12.36.45:987][336]LogSlate: Took 0.000154 seconds to synchronously load lazily loaded font '../../../Engine/Content/Slate/Fonts/Roboto-BoldCondensed.ttf' (158K)
[2018.09.13-12.36.46:030][337]LogShaderCompilers: Display: Shaders left to compile 109
[2018.09.13-12.36.46:667][394]LogShaderCompilers: Display: Shaders left to compile 108
[2018.09.13-12.36.46:822][409]LogShaderCompilers: Display: Shaders left to compile 107
[2018.09.13-12.36.46:938][419]LogShaderCompilers: Display: Shaders left to compile 106
[2018.09.13-12.36.47:389][451]LogShaderCompilers: Display: Shaders left to compile 105
[2018.09.13-12.36.47:587][467]LogShaderCompilers: Display: Shaders left to compile 104
[2018.09.13-12.36.48:409][482]LogShaderCompilers: Display: Shaders left to compile 103
[2018.09.13-12.36.48:409][482]LogShaderCompilers: Display: Shaders left to compile 102
[2018.09.13-12.36.48:409][482]LogShaderCompilers: Display: Shaders left to compile 101
[2018.09.13-12.36.48:409][482]LogShaderCompilers: Display: Shaders left to compile 100
[2018.09.13-12.36.48:409][482]LogShaderCompilers: Display: Shaders left to compile 99
[2018.09.13-12.36.48:409][482]LogShaderCompilers: Display: Shaders left to compile 98
[2018.09.13-12.36.48:409][482]LogShaderCompilers: Display: Shaders left to compile 97
[2018.09.13-12.36.48:409][482]LogShaderCompilers: Display: Shaders left to compile 96
[2018.09.13-12.36.48:409][482]LogShaderCompilers: Display: Shaders left to compile 95
[2018.09.13-12.36.48:409][482]LogShaderCompilers: Display: Shaders left to compile 94
[2018.09.13-12.36.48:411][482]MaterialEditorStats: Base pass shader: 105 instructions
[2018.09.13-12.36.48:411][482]MaterialEditorStats: Base pass shader with Volumetric Lightmap: 179 instructions
[2018.09.13-12.36.48:411][482]MaterialEditorStats: Base pass vertex shader: 32 instructions
[2018.09.13-12.36.48:411][482]MaterialEditorStats: Texture samplers: 3/16
[2018.09.13-12.36.48:587][498]LogShaderCompilers: Display: Shaders left to compile 93
[2018.09.13-12.36.48:712][510]LogShaderCompilers: Display: Shaders left to compile 92
[2018.09.13-12.36.49:004][529]LogShaderCompilers: Display: Shaders left to compile 91
[2018.09.13-12.36.49:004][529]LogShaderCompilers: Display: Shaders left to compile 90
[2018.09.13-12.36.49:021][529]LogSlate: Took 0.000195 seconds to synchronously load lazily loaded font '../../../Engine/Content/Slate/Fonts/Roboto-Italic.ttf' (157K)
[2018.09.13-12.36.49:054][529]LogShaderCompilers: Display: Shaders left to compile 89
[2018.09.13-12.36.49:131][530]LogShaderCompilers: Display: Shaders left to compile 88
[2018.09.13-12.36.49:285][542]LogShaderCompilers: Display: Shaders left to compile 87
[2018.09.13-12.36.49:700][573]LogShaderCompilers: Display: Shaders left to compile 86
[2018.09.13-12.36.49:743][576]LogShaderCompilers: Display: Shaders left to compile 85
[2018.09.13-12.36.50:033][599]LogShaderCompilers: Display: Shaders left to compile 84
[2018.09.13-12.36.50:591][641]LogShaderCompilers: Display: Shaders left to compile 83
[2018.09.13-12.36.50:591][641]LogShaderCompilers: Display: Shaders left to compile 82
[2018.09.13-12.36.50:823][644]LogShaderCompilers: Display: Shaders left to compile 81
[2018.09.13-12.36.50:947][647]LogShaderCompilers: Display: Shaders left to compile 80
[2018.09.13-12.36.51:236][673]LogShaderCompilers: Display: Shaders left to compile 79
[2018.09.13-12.36.51:249][674]LogShaderCompilers: Display: Shaders left to compile 78
[2018.09.13-12.36.51:774][712]LogShaderCompilers: Display: Shaders left to compile 77
[2018.09.13-12.36.51:786][713]LogShaderCompilers: Display: Shaders left to compile 76
[2018.09.13-12.36.52:133][737]LogShaderCompilers: Display: Shaders left to compile 75
[2018.09.13-12.36.52:150][738]LogShaderCompilers: Display: Shaders left to compile 74
[2018.09.13-12.36.52:353][753]LogShaderCompilers: Display: Shaders left to compile 73
[2018.09.13-12.36.52:354][753]MaterialEditorStats: Base pass shader: 105 instructions
[2018.09.13-12.36.52:354][753]MaterialEditorStats: Base pass shader with Volumetric Lightmap: 179 instructions
[2018.09.13-12.36.52:354][753]MaterialEditorStats: Base pass vertex shader: 32 instructions
[2018.09.13-12.36.52:354][753]MaterialEditorStats: Texture samplers: 3/16
[2018.09.13-12.36.52:588][767]LogShaderCompilers: Display: Shaders left to compile 72
[2018.09.13-12.36.52:647][771]LogShaderCompilers: Display: Shaders left to compile 71
[2018.09.13-12.36.52:696][774]LogShaderCompilers: Display: Shaders left to compile 70
[2018.09.13-12.36.53:016][795]LogShaderCompilers: Display: Shaders left to compile 69
[2018.09.13-12.36.53:016][795]LogShaderCompilers: Display: Shaders left to compile 68
[2018.09.13-12.36.53:038][795]LogShaderCompilers: Display: Shaders left to compile 67
[2018.09.13-12.36.53:282][807]LogShaderCompilers: Display: Shaders left to compile 66
[2018.09.13-12.36.53:295][808]LogShaderCompilers: Display: Shaders left to compile 65
[2018.09.13-12.36.53:369][814]LogShaderCompilers: Display: Shaders left to compile 64
[2018.09.13-12.36.53:458][821]LogShaderCompilers: Display: Shaders left to compile 63
[2018.09.13-12.36.53:597][832]LogShaderCompilers: Display: Shaders left to compile 62
[2018.09.13-12.36.54:118][869]LogShaderCompilers: Display: Shaders left to compile 61
[2018.09.13-12.36.54:159][872]LogShaderCompilers: Display: Shaders left to compile 60
[2018.09.13-12.36.54:309][883]LogShaderCompilers: Display: Shaders left to compile 59
[2018.09.13-12.36.54:782][917]LogShaderCompilers: Display: Shaders left to compile 58
[2018.09.13-12.36.54:998][926]LogShaderCompilers: Display: Shaders left to compile 57
[2018.09.13-12.36.54:998][926]LogShaderCompilers: Display: Shaders left to compile 56
[2018.09.13-12.36.55:359][948]LogShaderCompilers: Display: Shaders left to compile 55
[2018.09.13-12.36.55:415][954]LogShaderCompilers: Display: Shaders left to compile 54
[2018.09.13-12.36.56:251][ 28]LogShaderCompilers: Display: Shaders left to compile 53
[2018.09.13-12.36.56:322][ 29]LogShaderCompilers: Display: Shaders left to compile 52
[2018.09.13-12.36.56:459][ 36]LogShaderCompilers: Display: Shaders left to compile 51
[2018.09.13-12.36.56:625][ 47]LogShaderCompilers: Display: Shaders left to compile 50
[2018.09.13-12.36.56:861][ 72]LogShaderCompilers: Display: Shaders left to compile 49
[2018.09.13-12.36.56:905][ 76]MaterialEditorStats: Base pass shader: 105 instructions
[2018.09.13-12.36.56:905][ 76]MaterialEditorStats: Base pass shader with Volumetric Lightmap: 179 instructions
[2018.09.13-12.36.56:905][ 76]MaterialEditorStats: Base pass vertex shader: 32 instructions
[2018.09.13-12.36.56:905][ 76]MaterialEditorStats: Texture samplers: 3/16
[2018.09.13-12.36.57:140][ 99]LogShaderCompilers: Display: Shaders left to compile 48
[2018.09.13-12.36.57:756][151]LogShaderCompilers: Display: Shaders left to compile 47
[2018.09.13-12.36.57:811][157]LogShaderCompilers: Display: Shaders left to compile 46
[2018.09.13-12.36.57:830][159]LogShaderCompilers: Display: Shaders left to compile 45
[2018.09.13-12.36.58:209][200]LogShaderCompilers: Display: Shaders left to compile 44
[2018.09.13-12.36.58:298][207]LogShaderCompilers: Display: Shaders left to compile 43
[2018.09.13-12.36.58:321][209]LogShaderCompilers: Display: Shaders left to compile 42
[2018.09.13-12.36.58:783][252]LogShaderCompilers: Display: Shaders left to compile 41
[2018.09.13-12.36.58:866][253]LogShaderCompilers: Display: Shaders left to compile 40
[2018.09.13-12.36.58:881][253]LogShaderCompilers: Display: Shaders left to compile 39
[2018.09.13-12.36.58:956][255]LogShaderCompilers: Display: Shaders left to compile 38
[2018.09.13-12.36.59:125][265]LogShaderCompilers: Display: Shaders left to compile 37
[2018.09.13-12.36.59:622][318]LogShaderCompilers: Display: Shaders left to compile 36
[2018.09.13-12.36.59:731][327]LogShaderCompilers: Display: Shaders left to compile 35
[2018.09.13-12.37.00:216][372]LogShaderCompilers: Display: Shaders left to compile 34
[2018.09.13-12.37.00:803][420]LogShaderCompilers: Display: Shaders left to compile 33
[2018.09.13-12.37.00:892][428]LogShaderCompilers: Display: Shaders left to compile 32
[2018.09.13-12.37.00:950][435]LogShaderCompilers: Display: Shaders left to compile 31
[2018.09.13-12.37.01:097][452]LogSlate: Window 'M_TurretCentre' being destroyed
[2018.09.13-12.37.01:550][505]LogShaderCompilers: Display: Shaders left to compile 30
[2018.09.13-12.37.01:567][507]LogShaderCompilers: Display: Shaders left to compile 29
[2018.09.13-12.37.02:106][570]LogShaderCompilers: Display: Shaders left to compile 28
[2018.09.13-12.37.02:250][583]LogShaderCompilers: Display: Shaders left to compile 27
[2018.09.13-12.37.02:323][583]LogShaderCompilers: Display: Shaders left to compile 26
[2018.09.13-12.37.02:379][588]LogShaderCompilers: Display: Shaders left to compile 25
[2018.09.13-12.37.02:392][589]MaterialEditorStats: Base pass shader: 105 instructions
[2018.09.13-12.37.02:393][589]MaterialEditorStats: Base pass shader with Volumetric Lightmap: 179 instructions
[2018.09.13-12.37.02:393][589]MaterialEditorStats: Base pass vertex shader: 32 instructions
[2018.09.13-12.37.02:393][589]MaterialEditorStats: Texture samplers: 3/16
[2018.09.13-12.37.02:763][625]LogShaderCompilers: Display: Shaders left to compile 24
[2018.09.13-12.37.02:774][626]LogShaderCompilers: Display: Shaders left to compile 23
[2018.09.13-12.37.02:774][626]LogShaderCompilers: Display: Shaders left to compile 22
[2018.09.13-12.37.03:105][658]LogShaderCompilers: Display: Shaders left to compile 21
[2018.09.13-12.37.03:204][668]LogShaderCompilers: Display: Shaders left to compile 20
[2018.09.13-12.37.03:274][675]LogShaderCompilers: Display: Shaders left to compile 19
[2018.09.13-12.37.03:394][681]LogShaderCompilers: Display: Shaders left to compile 18
[2018.09.13-12.37.03:422][681]LogShaderCompilers: Display: Shaders left to compile 17
[2018.09.13-12.37.03:482][686]LogShaderCompilers: Display: Shaders left to compile 16
[2018.09.13-12.37.03:693][707]LogShaderCompilers: Display: Shaders left to compile 15
[2018.09.13-12.37.03:704][708]LogShaderCompilers: Display: Shaders left to compile 14
[2018.09.13-12.37.04:224][763]LogShaderCompilers: Display: Shaders left to compile 13
[2018.09.13-12.37.04:283][770]LogShaderCompilers: Display: Shaders left to compile 12
[2018.09.13-12.37.04:541][798]LogShaderCompilers: Display: Shaders left to compile 11
[2018.09.13-12.37.04:807][829]LogShaderCompilers: Display: Shaders left to compile 10
[2018.09.13-12.37.04:855][834]LogShaderCompilers: Display: Shaders left to compile 9
[2018.09.13-12.37.04:959][846]LogShaderCompilers: Display: Shaders left to compile 8
[2018.09.13-12.37.05:489][900]LogShaderCompilers: Display: Shaders left to compile 7
[2018.09.13-12.37.05:667][918]LogShaderCompilers: Display: Shaders left to compile 6
[2018.09.13-12.37.05:724][924]LogShaderCompilers: Display: Shaders left to compile 5
[2018.09.13-12.37.06:033][954]LogShaderCompilers: Display: Shaders left to compile 4
[2018.09.13-12.37.06:249][976]LogShaderCompilers: Display: Shaders left to compile 3
[2018.09.13-12.37.06:424][996]LogShaderCompilers: Display: Shaders left to compile 2
[2018.09.13-12.37.06:437][997]MaterialEditorStats: Base pass shader: 105 instructions
[2018.09.13-12.37.06:437][997]MaterialEditorStats: Base pass shader with Volumetric Lightmap: 179 instructions
[2018.09.13-12.37.06:437][997]MaterialEditorStats: Base pass vertex shader: 32 instructions
[2018.09.13-12.37.06:438][997]MaterialEditorStats: Texture samplers: 3/16
[2018.09.13-12.37.06:559][ 11]LogShaderCompilers: Display: Shaders left to compile 1
[2018.09.13-12.37.08:667][241]BlueprintLog: New page: Compile BP_Tank
[2018.09.13-12.37.09:086][244]Cmd: OBJ SAVEPACKAGE PACKAGE="/Game/BlueprintsMain/Character/BP_Tank" FILE="D:/GitHub/Class1/TankMovement/Content/BlueprintsMain/Character/BP_Tank.uasset" SILENT=true
[2018.09.13-12.37.09:158][244]LogSavePackage: Moving 'D:/GitHub/Class1/TankMovement/Saved/BP_TankD7A8CFB5456B961C3EF3248947322E6F.tmp' to 'D:/GitHub/Class1/TankMovement/Content/BlueprintsMain/Character/BP_Tank.uasset'
[2018.09.13-12.37.46:751][546]BlueprintLog: New page: Compile BP_Tank
[2018.09.13-12.37.47:783][623]Cmd: OBJ SAVEPACKAGE PACKAGE="/Game/BlueprintsMain/Character/BP_Tank" FILE="D:/GitHub/Class1/TankMovement/Content/BlueprintsMain/Character/BP_Tank.uasset" SILENT=true
[2018.09.13-12.37.47:854][623]LogSavePackage: Moving 'D:/GitHub/Class1/TankMovement/Saved/BP_TankD49FAFFC479BA8C30A2AF4B509B7D6E7.tmp' to 'D:/GitHub/Class1/TankMovement/Content/BlueprintsMain/Character/BP_Tank.uasset'
[2018.09.13-12.37.49:368][797]LogTemp: Repeating last play command: Selected Viewport
[2018.09.13-12.37.49:389][797]LogPlayLevel: PlayLevel: No blueprints needed recompiling
[2018.09.13-12.37.49:401][797]PIE: New page: PIE session: TankScene (Sep 13, 2018, 4:37:49 PM)
[2018.09.13-12.37.49:401][797]LogPlayLevel: Creating play world package: /Game/Maps/UEDPIE_0_TankScene
[2018.09.13-12.37.49:408][797]LogPlayLevel: PIE: StaticDuplicateObject took: (0.006634s)
[2018.09.13-12.37.49:408][797]LogAIModule: Creating AISystem for world TankScene
[2018.09.13-12.37.49:409][797]LogPlayLevel: PIE: World Init took: (0.000668s)
[2018.09.13-12.37.49:409][797]LogPlayLevel: PIE: Created PIE world by copying editor world from /Game/Maps/TankScene.TankScene to /Game/Maps/UEDPIE_0_TankScene.TankScene (0.007433s)
[2018.09.13-12.37.49:448][797]LogInit: XAudio2 using 'ASUS VS247 (NVIDIA High Definition Audio)' : 2 channels at 48 kHz using 16 bits per sample (channel mask 0x3)
[2018.09.13-12.37.49:456][797]LogInit: FAudioDevice initialized.
[2018.09.13-12.37.49:499][797]LogLoad: Game class is 'BP_GameMode_C'
[2018.09.13-12.37.49:501][797]LogWorld: Bringing World /Game/Maps/UEDPIE_0_TankScene.TankScene up for play (max tick rate 0) at 2018.09.13-14.37.49
[2018.09.13-12.37.49:502][797]LogWorld: Bringing up level for play took: 0.001483
[2018.09.13-12.37.49:539][797]LogContentBrowser: Native class hierarchy updated for 'MovieSceneCapture' in 0.0007 seconds. Added 10 classes and 0 folders.
[2018.09.13-12.37.49:539][797]PIE: Warning: Invalid Simulate Options: Body (BP_Tank_C_0.Tank Collision) is set to simulate physics but Collision Enabled is incompatible
[2018.09.13-12.37.49:540][797]PIE: Warning: Invalid Simulate Options: Body (BP_Tank_C_0.Tank Collision) is set to simulate physics but Collision Enabled is incompatible
[2018.09.13-12.37.49:543][797]PIE: Play in editor start time for /Game/Maps/UEDPIE_0_TankScene -0.154
[2018.09.13-12.37.49:593][798]LogBlueprintUserMessages: [BP_Tank_C_0] 99
[2018.09.13-12.37.49:794][822]LogBlueprintUserMessages: [BP_Tank_C_0] 98
[2018.09.13-12.37.49:995][846]LogBlueprintUserMessages: [BP_Tank_C_0] 97
[2018.09.13-12.37.50:195][870]LogBlueprintUserMessages: [BP_Tank_C_0] 96
[2018.09.13-12.37.50:395][894]LogBlueprintUserMessages: [BP_Tank_C_0] 95
