Log file open, 09/13/18 16:57:05
LogWindows: Failed to load 'aqProf.dll' (GetLastError=126)
LogWindows: File 'aqProf.dll' does not exist
LogWindows: Failed to load 'VSPerf140.dll' (GetLastError=126)
LogWindows: File 'VSPerf140.dll' does not exist
LogWindows: Failed to load 'VtuneApi.dll' (GetLastError=126)
LogWindows: File 'VtuneApi.dll' does not exist
LogWindows: Failed to load 'VtuneApi32e.dll' (GetLastError=126)
LogWindows: File 'VtuneApi32e.dll' does not exist
LogInit: Display: Running engine for game: TankMovement
LogPlatformFile: Not using cached read wrapper
LogTaskGraph: Started task graph with 5 named threads and 14 total threads with 3 sets of task threads.
LogStats: Stats thread started at 0.175793
LogD3D11RHI: Loaded GFSDK_Aftermath_Lib.x64.dll
LogICUInternationalization: Display: ICU TimeZone Detection - Raw Offset: +1:00, Platform Override: ''
LogPluginManager: Mounting plugin Paper2D
LogPluginManager: Mounting plugin AISupport
LogPluginManager: Mounting plugin LightPropagationVolume
LogPluginManager: Mounting plugin CLionSourceCodeAccess
LogPluginManager: Mounting plugin CodeLiteSourceCodeAccess
LogPluginManager: Mounting plugin GitSourceControl
LogPluginManager: Mounting plugin KDevelopSourceCodeAccess
LogPluginManager: Mounting plugin NullSourceCodeAccess
LogPluginManager: Mounting plugin PerforceSourceControl
LogPluginManager: Mounting plugin SubversionSourceControl
LogPluginManager: Mounting plugin UObjectPlugin
LogPluginManager: Mounting plugin VisualStudioCodeSourceCodeAccess
LogPluginManager: Mounting plugin VisualStudioSourceCodeAccess
LogPluginManager: Mounting plugin XCodeSourceCodeAccess
LogPluginManager: Mounting plugin AssetManagerEditor
LogPluginManager: Mounting plugin CryptoKeys
LogPluginManager: Mounting plugin DataValidation
LogPluginManager: Mounting plugin FacialAnimation
LogPluginManager: Mounting plugin GameplayTagsEditor
LogPluginManager: Mounting plugin MacGraphicsSwitching
LogPluginManager: Mounting plugin MeshEditor
LogPluginManager: Mounting plugin MobileLauncherProfileWizard
LogPluginManager: Mounting plugin PluginBrowser
LogPluginManager: Mounting plugin SpeedTreeImporter
LogPluginManager: Mounting plugin DatasmithContent
LogPluginManager: Mounting plugin AlembicImporter
LogPluginManager: Mounting plugin AppleImageUtils
LogPluginManager: Mounting plugin AppleVision
LogPluginManager: Mounting plugin BackChannel
LogPluginManager: Mounting plugin CharacterAI
LogPluginManager: Mounting plugin GeometryCache
LogPluginManager: Mounting plugin HTML5Networking
LogPluginManager: Mounting plugin ProxyLODPlugin
LogPluginManager: Mounting plugin MagicLeap
LogPluginManager: Mounting plugin MagicLeapEmulator
LogPluginManager: Mounting plugin MagicLeapMedia
LogPluginManager: Mounting plugin AndroidMedia
LogPluginManager: Mounting plugin AvfMedia
LogPluginManager: Mounting plugin ImgMedia
LogPluginManager: Mounting plugin LinearTimecode
LogPluginManager: Mounting plugin MediaCompositing
LogPluginManager: Mounting plugin MediaPlayerEditor
LogPluginManager: Mounting plugin WmfMedia
LogPluginManager: Mounting plugin TcpMessaging
LogPluginManager: Mounting plugin UdpMessaging
LogPluginManager: Mounting plugin ActorSequence
LogPluginManager: Mounting plugin LevelSequenceEditor
LogPluginManager: Mounting plugin MatineeToLevelSequence
LogPluginManager: Mounting plugin NetcodeUnitTest
LogPluginManager: Mounting plugin NUTUnrealEngine4
LogPluginManager: Mounting plugin OnlineSubsystemGooglePlay
LogPluginManager: Mounting plugin OnlineSubsystemIOS
LogPluginManager: Mounting plugin OnlineSubsystem
LogPluginManager: Mounting plugin OnlineSubsystemNull
LogPluginManager: Mounting plugin OnlineSubsystemUtils
LogPluginManager: Mounting plugin LauncherChunkInstaller
LogPluginManager: Mounting plugin AndroidDeviceProfileSelector
LogPluginManager: Mounting plugin AndroidMoviePlayer
LogPluginManager: Mounting plugin AndroidPermission
LogPluginManager: Mounting plugin AppleMoviePlayer
LogPluginManager: Mounting plugin ArchVisCharacter
LogPluginManager: Mounting plugin AudioCapture
LogPluginManager: Mounting plugin CableComponent
LogPluginManager: Mounting plugin CustomMeshComponent
LogPluginManager: Mounting plugin EditableMesh
LogPluginManager: Mounting plugin ExampleDeviceProfileSelector
LogPluginManager: Mounting plugin GoogleCloudMessaging
LogPluginManager: Mounting plugin ImmediatePhysics
LogPluginManager: Mounting plugin IOSDeviceProfileSelector
LogPluginManager: Mounting plugin LinuxDeviceProfileSelector
LogPluginManager: Mounting plugin LocationServicesBPLibrary
LogPluginManager: Mounting plugin MobilePatchingUtils
LogPluginManager: Mounting plugin OculusVR
LogPluginManager: Plugin shader directory ../../../Engine/Plugins/Runtime/Oculus/OculusVR/Shaders found
LogPluginManager: Mapping shader source directory ../../../Engine/Plugins/Runtime/Oculus/OculusVR/Shaders to virtual directory /Plugin/OculusVR
LogPluginManager: Mounting plugin PhysXVehicles
LogPluginManager: Mounting plugin ProceduralMeshComponent
LogPluginManager: Mounting plugin RuntimePhysXCooking
LogPluginManager: Mounting plugin SteamVR
LogPluginManager: Mounting plugin WindowsMoviePlayer
LogStreaming: Display: Took  0.070s to configure plugins.
LogInit: Using libcurl 7.55.1-DEV
LogInit:  - built for x86_64-pc-win32
LogInit:  - supports SSL with OpenSSL/1.0.2h
LogInit:  - supports HTTP deflate (compression) using libz 1.2.8
LogInit:  - other features:
LogInit:      CURL_VERSION_SSL
LogInit:      CURL_VERSION_LIBZ
LogInit:      CURL_VERSION_IPV6
LogInit:      CURL_VERSION_ASYNCHDNS
LogInit:      CURL_VERSION_LARGEFILE
LogInit:      CURL_VERSION_IDN
LogInit:  CurlRequestOptions (configurable via config and command line):
LogInit:  - bVerifyPeer = false  - Libcurl will NOT verify peer certificate
LogInit:  - bUseHttpProxy = false  - Libcurl will NOT use HTTP proxy
LogInit:  - bDontReuseConnections = false  - Libcurl will reuse connections
LogInit:  - CertBundlePath = nullptr  - Libcurl will use whatever was configured at build time.
LogInit:  - MaxHostConnections = 16  - Libcurl will limit the number of connections to a host
LogInit:  - LocalHostAddr = Default
LogInit:  - BufferSize = 65536
LogInit: WinSock: version 1.1 (2.2), MaxSocks=32767, MaxUdp=65467
LogInit: Build: ++UE4+Release-4.20-CL-4302132
LogInit: Engine Version: 4.20.2-4302132+++UE4+Release-4.20
LogInit: Compatible Engine Version: 4.20.0-4212847+++UE4+Release-4.20
LogInit: Net CL: 4212847
LogInit: OS: Windows 10 (), CPU: Intel(R) Core(TM) i5-4670K CPU @ 3.40GHz, GPU: NVIDIA GeForce GTX 1060 3GB
LogInit: Compiled (64-bit): Aug 21 2018 02:06:06
LogInit: Compiled with Visual C++: 19.13.26129.00
LogInit: Build Configuration: Development
LogInit: Branch Name: ++UE4+Release-4.20
LogInit: Command Line: 
LogInit: Base Directory: C:/Program Files/Epic Games/UE_4.20/Engine/Binaries/Win64/
LogInit: Installed Engine Build: 1
LogDevObjectVersion: Number of dev versions registered: 20
LogDevObjectVersion:   Dev-Blueprints (B0D832E4-1F89-4F0D-ACCF-7EB736FD4AA2): 10
LogDevObjectVersion:   Dev-Build (E1C64328-A22C-4D53-A36C-8E866417BD8C): 0
LogDevObjectVersion:   Dev-Core (375EC13C-06E4-48FB-B500-84F0262A717E): 2
LogDevObjectVersion:   Dev-Editor (E4B068ED-F494-42E9-A231-DA0B2E46BB41): 24
LogDevObjectVersion:   Dev-Framework (CFFC743F-43B0-4480-9391-14DF171D2073): 34
LogDevObjectVersion:   Dev-Mobile (B02B49B5-BB20-44E9-A304-32B752E40360): 2
LogDevObjectVersion:   Dev-Networking (A4E4105C-59A1-49B5-A7C5-40C4547EDFEE): 0
LogDevObjectVersion:   Dev-Online (39C831C9-5AE6-47DC-9A44-9C173E1C8E7C): 0
LogDevObjectVersion:   Dev-Physics (78F01B33-EBEA-4F98-B9B4-84EACCB95AA2): 0
LogDevObjectVersion:   Dev-Platform (6631380F-2D4D-43E0-8009-CF276956A95A): 0
LogDevObjectVersion:   Dev-Rendering (12F88B9F-8875-4AFC-A67C-D90C383ABD29): 26
LogDevObjectVersion:   Dev-Sequencer (7B5AE74C-D270-4C10-A958-57980B212A5A): 9
LogDevObjectVersion:   Dev-VR (D7296918-1DD6-4BDD-9DE2-64A83CC13884): 2
LogDevObjectVersion:   Dev-LoadTimes (C2A15278-BFE7-4AFE-6C17-90FF531DF755): 1
LogDevObjectVersion:   Private-Geometry (6EACA3D4-40EC-4CC1-B786-8BED09428FC5): 3
LogDevObjectVersion:   Dev-AnimPhys (29E575DD-E0A3-4627-9D10-D276232CDCEA): 17
LogDevObjectVersion:   Dev-ReflectionCapture (6B266CEC-1EC7-4B8F-A30B-E4D90942FC07): 1
LogDevObjectVersion:   Dev-Automation (0DF73D61-A23F-47EA-B727-89E90C41499A): 1
LogDevObjectVersion:   FortniteMain (601D1886-AC64-4F84-AA16-D3DE0DEAC7D6): 12
LogDevObjectVersion:   Dev-Enterprise (9DFFBCD6-494F-0158-E221-12823C92A888): 1
LogStreaming: Display: Took  0.001s to delete old logs.
LogInit: Presizing for max 8388607 objects, including 0 objects not considered by GC, pre-allocating 0 bytes for permanent pool.
LogInit: Object subsystem initialized
[2018.09.13-14.57.05:607][  0]LogInit: Selected Device Profile: [Windows]
[2018.09.13-14.57.05:607][  0]LogInit: Applying CVar settings loaded from the selected device profile: [Windows]
[2018.09.13-14.57.05:621][  0]LogHAL: Display: Platform has ~ 16 GB [17114587136 / 17179869184 / 16], which maps to Larger [LargestMinGB=32, LargerMinGB=12, DefaultMinGB=8, SmallerMinGB=6, SmallestMinGB=0)
[2018.09.13-14.57.05:621][  0]LogInit: Setting Device Profile CVar: [[r.Vulkan.UseRealUBs:1]]
[2018.09.13-14.57.05:621][  0]LogInit: Going up to parent DeviceProfile []
[2018.09.13-14.57.05:622][  0]LogInit: Computer: WH93149C
[2018.09.13-14.57.05:622][  0]LogInit: User: johnwalden
[2018.09.13-14.57.05:622][  0]LogInit: CPU Page size=4096, Cores=4
[2018.09.13-14.57.05:622][  0]LogInit: High frequency timer resolution =3.318392 MHz
[2018.09.13-14.57.05:622][  0]LogMemory: Memory total: Physical=15.9GB (16GB approx)
[2018.09.13-14.57.05:622][  0]LogMemory: Platform Memory Stats for Windows
[2018.09.13-14.57.05:622][  0]LogMemory: Process Physical Memory: 100.44 MB used, 100.44 MB peak
[2018.09.13-14.57.05:622][  0]LogMemory: Process Virtual Memory: 84.32 MB used, 84.32 MB peak
[2018.09.13-14.57.05:622][  0]LogMemory: Physical Memory: 6280.86 MB used,  10040.89 MB free, 16321.74 MB total
[2018.09.13-14.57.05:622][  0]LogMemory: Virtual Memory: 4620.22 MB used,  10040.89 MB free, 134217728.00 MB total
[2018.09.13-14.57.05:638][  0]LogInit: Using OS detected language (en-US).
[2018.09.13-14.57.05:638][  0]LogInit: Using OS detected locale (en-SE).
[2018.09.13-14.57.05:639][  0]LogTextLocalizationManager: No specific localization for 'en-US' exists, so the 'en' localization will be used.
[2018.09.13-14.57.06:043][  0]LogStreaming: Display: Took  0.405s to InitEngineTextLocalization.
[2018.09.13-14.57.06:043][  0]LogInit: Setting process to per monitor DPI aware
[2018.09.13-14.57.06:069][  0]LogSlate: New Slate User Created.  User Index 0, Is Virtual User: 0
[2018.09.13-14.57.06:069][  0]LogSlate: Slate User Registered.  User Index 0, Is Virtual User: 0
[2018.09.13-14.57.06:229][  0]LogHMD: Failed to initialize OpenVR with code 110
[2018.09.13-14.57.06:229][  0]LogD3D11RHI: D3D11 adapters:
[2018.09.13-14.57.06:275][  0]LogD3D11RHI:    0. 'NVIDIA GeForce GTX 1060 3GB' (Feature Level 11_0)
[2018.09.13-14.57.06:275][  0]LogD3D11RHI:       2988/0/8160 MB DedicatedVideo/DedicatedSystem/SharedSystem, Outputs:2, VendorId:0x10de
[2018.09.13-14.57.06:277][  0]LogD3D11RHI:    1. 'Microsoft Basic Render Driver' (Feature Level 11_0)
[2018.09.13-14.57.06:277][  0]LogD3D11RHI:       0/0/8160 MB DedicatedVideo/DedicatedSystem/SharedSystem, Outputs:0, VendorId:0x1414
[2018.09.13-14.57.06:277][  0]LogD3D11RHI: Chosen D3D11 Adapter: 0
[2018.09.13-14.57.06:282][  0]LogD3D11RHI: Creating new Direct3DDevice
[2018.09.13-14.57.06:282][  0]LogD3D11RHI:     GPU DeviceId: 0x1c02 (for the marketing name, search the web for "GPU Device Id")
[2018.09.13-14.57.06:282][  0]LogWindows: EnumDisplayDevices:
[2018.09.13-14.57.06:282][  0]LogWindows:    0. 'NVIDIA GeForce GTX 1060 3GB' (P:1 D:1)
[2018.09.13-14.57.06:282][  0]LogWindows:    1. 'NVIDIA GeForce GTX 1060 3GB' (P:0 D:1)
[2018.09.13-14.57.06:282][  0]LogWindows:    2. 'NVIDIA GeForce GTX 1060 3GB' (P:0 D:0)
[2018.09.13-14.57.06:283][  0]LogWindows:    3. 'NVIDIA GeForce GTX 1060 3GB' (P:0 D:0)
[2018.09.13-14.57.06:283][  0]LogWindows: DebugString: FoundDriverCount:4 
[2018.09.13-14.57.06:283][  0]LogD3D11RHI:     Adapter Name: NVIDIA GeForce GTX 1060 3GB
[2018.09.13-14.57.06:283][  0]LogD3D11RHI:   Driver Version: 399.24 (internal:24.21.13.9924, unified:399.24)
[2018.09.13-14.57.06:283][  0]LogD3D11RHI:      Driver Date: 9-5-2018
[2018.09.13-14.57.06:283][  0]LogRHI: Texture pool is 2091 MB (70% of 2988 MB)
[2018.09.13-14.57.06:316][  0]LogD3D11RHI: Async texture creation enabled
[2018.09.13-14.57.06:353][  0]LogD3D11RHI: GPU Timing Frequency: 1000.000000 (Debug: 2 2)
[2018.09.13-14.57.06:402][  0]LogShaderCompilers: Guid format shader working directory is 3 characters bigger than the processId version (D:/GitHub/Tank-InClass--MiniProject-/TankMovement/Intermediate/Shaders/WorkingDirectory/8008/).
[2018.09.13-14.57.06:403][  0]LogShaderCompilers: Cleaned the shader compiler working directory 'C:/Users/john.walden/AppData/Local/Temp/UnrealShaderWorkingDir/50FA72774B199E90E0C78EA2F3471CE8/'.
[2018.09.13-14.57.06:621][  0]LogTemp: Display: Loaded TP AllDesktopTargetPlatform
[2018.09.13-14.57.06:634][  0]LogTemp: Display: Loaded TP MacClientTargetPlatform
[2018.09.13-14.57.06:647][  0]LogTemp: Display: Loaded TP MacNoEditorTargetPlatform
[2018.09.13-14.57.06:660][  0]LogTemp: Display: Loaded TP MacServerTargetPlatform
[2018.09.13-14.57.06:674][  0]LogTemp: Display: Loaded TP MacTargetPlatform
[2018.09.13-14.57.06:686][  0]LogTemp: Display: Loaded TP WindowsClientTargetPlatform
[2018.09.13-14.57.06:699][  0]LogTemp: Display: Loaded TP WindowsNoEditorTargetPlatform
[2018.09.13-14.57.06:712][  0]LogTemp: Display: Loaded TP WindowsServerTargetPlatform
[2018.09.13-14.57.06:718][  0]LogTemp: Display: Loaded TP WindowsTargetPlatform
[2018.09.13-14.57.06:793][  0]LogTemp: Display: Loaded TP AndroidTargetPlatform
[2018.09.13-14.57.06:793][  0]LogTemp: Display: Loaded TP AndroidTargetPlatform
[2018.09.13-14.57.06:793][  0]LogTemp: Display: Loaded TP AndroidTargetPlatform
[2018.09.13-14.57.06:793][  0]LogTemp: Display: Loaded TP AndroidTargetPlatform
[2018.09.13-14.57.06:793][  0]LogTemp: Display: Loaded TP AndroidTargetPlatform
[2018.09.13-14.57.06:794][  0]LogTemp: Display: Loaded TP AndroidTargetPlatform
[2018.09.13-14.57.06:794][  0]LogTemp: Display: Loaded TP AndroidTargetPlatform
[2018.09.13-14.57.06:794][  0]LogTemp: Display: Loaded TP AndroidTargetPlatform
[2018.09.13-14.57.06:794][  0]LogTemp: Display: Loaded TP AndroidTargetPlatform
[2018.09.13-14.57.06:794][  0]LogTemp: Display: Loaded TP AndroidTargetPlatform
[2018.09.13-14.57.06:794][  0]LogTemp: Display: Loaded TP AndroidTargetPlatform
[2018.09.13-14.57.06:794][  0]LogTemp: Display: Loaded TP AndroidTargetPlatform
[2018.09.13-14.57.06:794][  0]LogTemp: Display: Loaded TP AndroidTargetPlatform
[2018.09.13-14.57.06:794][  0]LogTemp: Display: Loaded TP AndroidTargetPlatform
[2018.09.13-14.57.06:794][  0]LogTemp: Display: Loaded TP AndroidTargetPlatform
[2018.09.13-14.57.06:794][  0]LogTemp: Display: Loaded TP AndroidTargetPlatform
[2018.09.13-14.57.06:794][  0]LogTemp: Display: Loaded TP AndroidTargetPlatform
[2018.09.13-14.57.06:794][  0]LogTemp: Display: Loaded TP AndroidTargetPlatform
[2018.09.13-14.57.06:795][  0]LogTemp: Display: Loaded TP HTML5TargetPlatform
[2018.09.13-14.57.06:854][  0]LogTemp: Display: Loaded TP IOSTargetPlatform
[2018.09.13-14.57.06:854][  0]LogTemp: Display: Loaded TP IOSTargetPlatform
[2018.09.13-14.57.06:878][  0]LogTemp: Display: Loaded TP TVOSTargetPlatform
[2018.09.13-14.57.06:878][  0]LogTemp: Display: Loaded TP TVOSTargetPlatform
[2018.09.13-14.57.06:890][  0]LogTemp: Display: Loaded TP LinuxClientTargetPlatform
[2018.09.13-14.57.06:902][  0]LogTemp: Display: Loaded TP LinuxNoEditorTargetPlatform
[2018.09.13-14.57.06:914][  0]LogTemp: Display: Loaded TP LinuxServerTargetPlatform
[2018.09.13-14.57.06:927][  0]LogTemp: Display: Loaded TP LinuxTargetPlatform
[2018.09.13-14.57.06:935][  0]LogTemp: Display: Loaded TP LuminTargetPlatform
[2018.09.13-14.57.06:935][  0]LogTargetPlatformManager: Display: Building Assets For Windows
[2018.09.13-14.57.06:983][  0]LogXGEController: Cannot use XGE Controller as Incredibuild is not installed on this machine.
[2018.09.13-14.57.06:983][  0]LogShaderCompilers: Cannot use XGE Shader Compiler as Incredibuild is not installed on this machine.
[2018.09.13-14.57.06:983][  0]LogShaderCompilers: Display: Using Local Shader Compiler.
[2018.09.13-14.57.07:657][  0]LogDerivedDataCache: Display: Max Cache Size: 512 MB
[2018.09.13-14.57.07:710][  0]LogDerivedDataCache: Loaded boot cache 0.05s 71MB C:/Users/john.walden/AppData/Local/UnrealEngine/4.20/DerivedDataCache/Boot.ddc.
[2018.09.13-14.57.07:711][  0]LogDerivedDataCache: Display: Loaded Boot cache: C:/Users/john.walden/AppData/Local/UnrealEngine/4.20/DerivedDataCache/Boot.ddc
[2018.09.13-14.57.07:711][  0]LogDerivedDataCache: FDerivedDataBackendGraph:  Pak pak cache file D:/GitHub/Tank-InClass--MiniProject-/TankMovement/DerivedDataCache/DDC.ddp not found, will not use a pak cache.
[2018.09.13-14.57.07:711][  0]LogDerivedDataCache: Unable to find inner node Pak for hierarchical cache Hierarchy.
[2018.09.13-14.57.07:711][  0]LogDerivedDataCache: FDerivedDataBackendGraph:  CompressedPak pak cache file D:/GitHub/Tank-InClass--MiniProject-/TankMovement/DerivedDataCache/Compressed.ddp not found, will not use a pak cache.
[2018.09.13-14.57.07:711][  0]LogDerivedDataCache: Unable to find inner node CompressedPak for hierarchical cache Hierarchy.
[2018.09.13-14.57.07:723][  0]LogDerivedDataCache: Display: Pak cache opened for reading ../../../Engine/DerivedDataCache/Compressed.ddp.
[2018.09.13-14.57.07:736][  0]LogDerivedDataCache: Using Local data cache path C:/Users/john.walden/AppData/Local/UnrealEngine/Common/DerivedDataCache: Writable
[2018.09.13-14.57.07:736][  0]LogDerivedDataCache: Shared data cache path not found in *engine.ini, will not use an Shared cache.
[2018.09.13-14.57.07:736][  0]LogDerivedDataCache: Unable to find inner node Shared for hierarchical cache Hierarchy.
[2018.09.13-14.57.07:754][  0]LogMaterial: Verifying Global Shaders for PCD3D_SM5
[2018.09.13-14.57.07:756][  0]LogSlate: Using FreeType 2.6.0
[2018.09.13-14.57.07:756][  0]LogSlate: SlateFontServices - WITH_FREETYPE: 1, WITH_HARFBUZZ: 1
[2018.09.13-14.57.07:826][  0]LogAssetRegistry: FAssetRegistry took 0.0260 seconds to start up
[2018.09.13-14.57.08:112][  0]LogInit: Selected Device Profile: [Windows]
[2018.09.13-14.57.08:230][  0]LogSimplygon: Simplygon DLL not present - disabling.
[2018.09.13-14.57.08:232][  0]LogMeshReduction: Using SimplygonSwarm for distributed automatic mesh merging
[2018.09.13-14.57.08:232][  0]LogMeshReduction: Using ProxyLODMeshReduction for automatic mesh merging
[2018.09.13-14.57.08:232][  0]LogMeshReduction: Using QuadricMeshReduction for automatic static mesh reduction
[2018.09.13-14.57.08:232][  0]LogMeshReduction: No automatic skeletal mesh reduction module available
[2018.09.13-14.57.08:247][  0]LogNetVersion: TankMovement 1.0.0, NetCL: 4212847, EngineNetVer: 5, GameNetVer: 0 (Checksum: 564003690)
[2018.09.13-14.57.08:697][  0]LogPackageLocalizationCache: Processed 11 localized package path(s) for 2 prioritized culture(s) in 0.074413 seconds
[2018.09.13-14.57.08:703][  0]LogUObjectArray: 38425 objects as part of root set at end of initial load.
[2018.09.13-14.57.08:703][  0]LogUObjectAllocator: 6690864 out of 0 bytes used by permanent object pool.
[2018.09.13-14.57.08:703][  0]LogUObjectArray: CloseDisregardForGC: 0/0 objects in disregard for GC pool
[2018.09.13-14.57.09:454][  0]LogTcpMessaging: Initializing TcpMessaging bridge
[2018.09.13-14.57.09:467][  0]LogUdpMessaging: Initializing bridge on interface 0.0.0.0:0 to multicast group 230.0.0.1:6666.
[2018.09.13-14.57.09:631][  0]SourceControl: Source control is disabled
[2018.09.13-14.57.09:631][  0]SourceControl: Source control is disabled
[2018.09.13-14.57.09:632][  0]SourceControl: Source control is disabled
[2018.09.13-14.57.09:633][  0]SourceControl: Source control is disabled
[2018.09.13-14.57.09:804][  0]LogAndroidPermission: UAndroidPermissionCallbackProxy::GetInstance
[2018.09.13-14.57.09:939][  0]LogOcInput: OculusInput pre-init called
[2018.09.13-14.57.10:012][  0]LogEngine: Initializing Engine...
[2018.09.13-14.57.10:013][  0]LogHMD: Failed to initialize OpenVR with code 110
[2018.09.13-14.57.10:015][  0]LogStats: UGameplayTagsManager::ConstructGameplayTagTree: ImportINI prefixes -  0.000 s
[2018.09.13-14.57.10:015][  0]LogStats: UGameplayTagsManager::ConstructGameplayTagTree: Construct from data asset -  0.000 s
[2018.09.13-14.57.10:015][  0]LogStats: UGameplayTagsManager::ConstructGameplayTagTree: ImportINI -  0.000 s
[2018.09.13-14.57.10:015][  0]LogStats: UGameplayTagsManager::ConstructGameplayTagTree: GameplayTagTreeChangedEvent.Broadcast -  0.000 s
[2018.09.13-14.57.10:217][  0]LogInit: Initializing FReadOnlyCVARCache
[2018.09.13-14.57.10:230][  0]LogAIModule: Creating AISystem for world Untitled
[2018.09.13-14.57.10:268][  0]LogInit: XAudio2 using 'Headphones (High Definition Audio Device)' : 2 channels at 48 kHz using 16 bits per sample (channel mask 0x3)
[2018.09.13-14.57.10:279][  0]LogInit: FAudioDevice initialized.
[2018.09.13-14.57.10:279][  0]LogNetVersion: Set ProjectVersion to 1.0.0.0. Version Checksum will be recalculated on next use.
[2018.09.13-14.57.10:353][  0]LogDerivedDataCache: Saved boot cache 0.07s 71MB C:/Users/john.walden/AppData/Local/UnrealEngine/4.20/DerivedDataCache/Boot.ddc.
[2018.09.13-14.57.10:363][  0]LogInit: Texture streaming: Enabled
[2018.09.13-14.57.10:377][  0]LogEngineSessionManager: EngineSessionManager initialized
[2018.09.13-14.57.10:390][  0]LogInit: Transaction tracking system initialized
[2018.09.13-14.57.10:408][  0]BlueprintLog: New page: Editor Load
[2018.09.13-14.57.10:469][  0]LocalizationService: Localization service is disabled
[2018.09.13-14.57.10:711][  0]LogCook: Display: Max memory allowance for cook 16384mb min free memory 0mb
[2018.09.13-14.57.10:711][  0]LogCook: Display: Mobile HDR setting 1
[2018.09.13-14.57.10:711][  0]LogGameplayTags: Display: UGameplayTagsManager::DoneAddingNativeTags. DelegateIsBound: 0
[2018.09.13-14.57.10:711][  0]LogStats: UGameplayTagsManager::ConstructGameplayTagTree: ImportINI prefixes -  0.000 s
[2018.09.13-14.57.10:711][  0]LogStats: UGameplayTagsManager::ConstructGameplayTagTree: Construct from data asset -  0.000 s
[2018.09.13-14.57.10:711][  0]LogStats: UGameplayTagsManager::ConstructGameplayTagTree: ImportINI -  0.000 s
[2018.09.13-14.57.10:711][  0]LogStats: UGameplayTagsManager::ConstructGameplayTagTree: GameplayTagTreeChangedEvent.Broadcast -  0.000 s
[2018.09.13-14.57.10:807][  0]LogFileCache: Scanning file cache for directory 'D:/GitHub/Tank-InClass--MiniProject-/TankMovement/Content/' took 0.01s
[2018.09.13-14.57.10:807][  0]SourceControl: Source control is disabled
[2018.09.13-14.57.10:807][  0]Cmd: MAP LOAD FILE="D:/GitHub/Tank-InClass--MiniProject-/TankMovement/Content/Maps/TankScene.umap" TEMPLATE=0 SHOWPROGRESS=1 FEATURELEVEL=3
[2018.09.13-14.57.10:808][  0]LightingResults: New page: Lighting Build
[2018.09.13-14.57.10:810][  0]MapCheck: New page: Map Check
[2018.09.13-14.57.10:810][  0]LightingResults: New page: Lighting Build
[2018.09.13-14.57.11:121][  0]LogAIModule: Creating AISystem for world TankScene
[2018.09.13-14.57.11:129][  0]LogEditorServer: Finished looking for orphan Actors (0.000 secs)
[2018.09.13-14.57.11:151][  0]Cmd: MAP CHECKDEP NOCLEARLOG
[2018.09.13-14.57.11:205][  0]MapCheck: Map check complete: 0 Error(s), 0 Warning(s), took 53.775ms to complete.
[2018.09.13-14.57.11:205][  0]LogFileHelpers: Loading map 'TankScene' took 0.399
[2018.09.13-14.57.11:294][  0]LogSlate: Updating window title bar state: overlay mode, drag disabled, window buttons hidden, title bar hidden
[2018.09.13-14.57.11:301][  0]LogSlate: Updating window title bar state: overlay mode, drag disabled, window buttons hidden, title bar hidden
[2018.09.13-14.57.11:309][  0]LogSlate: Updating window title bar state: overlay mode, drag disabled, window buttons hidden, title bar hidden
[2018.09.13-14.57.11:317][  0]LogSlate: Updating window title bar state: overlay mode, drag disabled, window buttons hidden, title bar hidden
[2018.09.13-14.57.11:322][  0]LogCollectionManager: Loaded 0 collections in 0.001291 seconds
[2018.09.13-14.57.11:363][  0]LogFileCache: Scanning file cache for directory 'D:/GitHub/Tank-InClass--MiniProject-/TankMovement/Saved/Collections/' took 0.01s
[2018.09.13-14.57.11:363][  0]LogFileCache: Scanning file cache for directory 'D:/GitHub/Tank-InClass--MiniProject-/TankMovement/Content/Developers/johnwalden/Collections/' took 0.01s
[2018.09.13-14.57.11:363][  0]LogFileCache: Scanning file cache for directory 'D:/GitHub/Tank-InClass--MiniProject-/TankMovement/Content/Collections/' took 0.01s
[2018.09.13-14.57.11:363][  0]LogCollectionManager: Rebuilt the GUID cache for 0 collections in 0.000000 seconds
[2018.09.13-14.57.11:372][  0]LogContentBrowser: Native class hierarchy populated in 0.0085 seconds. Added 2572 classes and 603 folders.
[2018.09.13-14.57.11:377][  0]LogContentBrowser: Native class hierarchy updated for 'WidgetCarousel' in 0.0002 seconds. Added 0 classes and 0 folders.
[2018.09.13-14.57.11:412][  0]LogContentBrowser: Native class hierarchy updated for 'AddContentDialog' in 0.0002 seconds. Added 0 classes and 0 folders.
[2018.09.13-14.57.11:416][  0]LogContentBrowser: Native class hierarchy updated for 'SceneOutliner' in 0.0003 seconds. Added 1 classes and 2 folders.
[2018.09.13-14.57.12:489][  0]LogSlate: Only BGRA pngs, bmps or icos are supported in by External Image Picker
[2018.09.13-14.57.12:519][  0]LogSlate: Took 0.000202 seconds to synchronously load lazily loaded font '../../../Engine/Content/Slate/Fonts/Roboto-Regular.ttf' (155K)
[2018.09.13-14.57.12:521][  0]LogSlate: Took 0.000186 seconds to synchronously load lazily loaded font '../../../Engine/Content/Slate/Fonts/Roboto-Bold.ttf' (160K)
[2018.09.13-14.57.12:526][  0]LogSlate: Took 0.000228 seconds to synchronously load lazily loaded font '../../../Engine/Content/Editor/Slate/Fonts/FontAwesome.ttf' (139K)
[2018.09.13-14.57.12:612][  0]LogTemp: Executing iPhonePackager certificates Engine -bundlename com.YourCompany.TankMovement
[2018.09.13-14.57.12:612][  0]LogTemp: CWD: C:\Program Files\Epic Games\UE_4.20\Engine\Binaries\DotNET\IOS
[2018.09.13-14.57.12:612][  0]LogTemp: Initial Dir: C:\Program Files\Epic Games\UE_4.20
[2018.09.13-14.57.12:612][  0]LogTemp: Env CWD: C:\Program Files\Epic Games\UE_4.20\Engine\Binaries\DotNET\IOS
[2018.09.13-14.57.12:612][  0]LogTemp: BranchPath = WH93149C/C/Program Files/Epic Games/UE_4.20/Engine/Binaries --- GameBranchPath = WH93149C/C/Program Files/Epic Games/UE_4.20/Engine/Binaries
[2018.09.13-14.57.12:612][  0]LogTemp: IPP ERROR: Could not find provision directory 'C:\Users\john.walden\AppData\Local/Apple Computer/MobileDevice/Provisioning Profiles/'.
[2018.09.13-14.57.12:612][  0]LogRenderer: Reallocating scene render targets to support 1144x576 Format 10 NumSamples 1 (Frame:1).
[2018.09.13-14.57.12:774][  0]LogContentBrowser: Native class hierarchy updated for 'HierarchicalLODOutliner' in 0.0003 seconds. Added 0 classes and 0 folders.
[2018.09.13-14.57.12:774][  0]LogLoad: (Engine Initialization) Total time: 8.45 seconds
[2018.09.13-14.57.12:774][  0]LogLoad: (Engine Initialization) Total Blueprint compile time: 0.00 seconds
[2018.09.13-14.57.12:784][  0]LogWindowsTextInputMethodSystem: Display: IME system now deactivated.
[2018.09.13-14.57.12:809][  0]LogContentStreaming: Texture pool size now 1000 MB
[2018.09.13-14.57.12:832][  0]LogSlate: Took 0.000176 seconds to synchronously load lazily loaded font '../../../Engine/Content/Slate/Fonts/Roboto-Light.ttf' (167K)
[2018.09.13-14.57.12:851][  1]LogAssetRegistry: Asset discovery search completed in 5.0478 seconds
[2018.09.13-14.57.12:853][  1]LogCollectionManager: Rebuilt the object cache for 0 collections in 0.000000 seconds (found 0 objects)
[2018.09.13-14.57.12:853][  1]LogCollectionManager: Fixed up redirectors for 0 collections in 0.000050 seconds (updated 0 objects)
[2018.09.13-14.57.13:685][ 80]LogSlate: FSceneViewport::OnFocusLost() reason 0
[2018.09.13-14.57.13:776][ 91]LogTemp: Repeating last play command: Selected Viewport
[2018.09.13-14.57.13:792][ 91]LogPlayLevel: PlayLevel: No blueprints needed recompiling
[2018.09.13-14.57.13:804][ 91]PIE: New page: PIE session: TankScene (Sep 13, 2018, 6:57:13 PM)
[2018.09.13-14.57.13:804][ 91]LogPlayLevel: Creating play world package: /Game/Maps/UEDPIE_0_TankScene
[2018.09.13-14.57.13:810][ 91]LogPlayLevel: PIE: StaticDuplicateObject took: (0.005870s)
[2018.09.13-14.57.13:811][ 91]LogAIModule: Creating AISystem for world TankScene
[2018.09.13-14.57.13:811][ 91]LogPlayLevel: PIE: World Init took: (0.000728s)
[2018.09.13-14.57.13:811][ 91]LogPlayLevel: PIE: Created PIE world by copying editor world from /Game/Maps/TankScene.TankScene to /Game/Maps/UEDPIE_0_TankScene.TankScene (0.006722s)
[2018.09.13-14.57.13:842][ 91]LogInit: XAudio2 using 'Headphones (High Definition Audio Device)' : 2 channels at 48 kHz using 16 bits per sample (channel mask 0x3)
[2018.09.13-14.57.13:850][ 91]LogInit: FAudioDevice initialized.
[2018.09.13-14.57.13:896][ 91]LogLoad: Game class is 'BP_GameMode_C'
[2018.09.13-14.57.13:903][ 91]LogWorld: Bringing World /Game/Maps/UEDPIE_0_TankScene.TankScene up for play (max tick rate 0) at 2018.09.13-16.57.13
[2018.09.13-14.57.13:904][ 91]LogWorld: Bringing up level for play took: 0.004207
[2018.09.13-14.57.13:929][ 91]LogContentBrowser: Native class hierarchy updated for 'MovieSceneCapture' in 0.0007 seconds. Added 10 classes and 0 folders.
[2018.09.13-14.57.13:936][ 91]PIE: Play in editor start time for /Game/Maps/UEDPIE_0_TankScene 0.278
[2018.09.13-14.57.14:001][ 92]LogBlueprintUserMessages: [BP_Tank_C_0] 99
[2018.09.13-14.57.14:202][116]LogBlueprintUserMessages: [BP_Tank_C_0] 98
[2018.09.13-14.57.14:405][140]LogBlueprintUserMessages: [BP_Tank_C_0] 97
[2018.09.13-14.57.14:605][164]LogBlueprintUserMessages: [BP_Tank_C_0] 96
[2018.09.13-14.57.14:805][188]LogBlueprintUserMessages: [BP_Tank_C_0] 95
[2018.09.13-14.57.15:005][212]LogBlueprintUserMessages: [BP_Tank_C_0] 94
[2018.09.13-14.57.15:205][236]LogBlueprintUserMessages: [BP_Tank_C_0] 93
[2018.09.13-14.57.15:405][260]LogBlueprintUserMessages: [BP_Tank_C_0] 92
[2018.09.13-14.57.15:606][284]LogBlueprintUserMessages: [BP_Tank_C_0] 91
[2018.09.13-14.57.15:805][308]LogBlueprintUserMessages: [BP_Tank_C_0] 90
[2018.09.13-14.57.16:005][332]LogBlueprintUserMessages: [BP_Tank_C_0] 89
[2018.09.13-14.57.16:205][356]LogBlueprintUserMessages: [BP_Tank_C_0] 88
[2018.09.13-14.57.16:406][380]LogBlueprintUserMessages: [BP_Tank_C_0] 87
[2018.09.13-14.57.16:606][404]LogBlueprintUserMessages: [BP_Tank_C_0] 86
[2018.09.13-14.57.16:806][428]LogBlueprintUserMessages: [BP_Tank_C_0] 85
[2018.09.13-14.57.17:006][452]LogBlueprintUserMessages: [BP_Tank_C_0] 84
[2018.09.13-14.57.17:207][476]LogBlueprintUserMessages: [BP_Tank_C_0] 83
[2018.09.13-14.57.17:406][500]LogBlueprintUserMessages: [BP_Tank_C_0] 82
[2018.09.13-14.57.17:606][524]LogBlueprintUserMessages: [BP_Tank_C_0] 81
[2018.09.13-14.57.17:806][548]LogBlueprintUserMessages: [BP_Tank_C_0] 80
[2018.09.13-14.57.18:006][572]LogBlueprintUserMessages: [BP_Tank_C_0] 79
[2018.09.13-14.57.18:207][596]LogBlueprintUserMessages: [BP_Tank_C_0] 78
[2018.09.13-14.57.18:406][620]LogBlueprintUserMessages: [BP_Tank_C_0] 77
[2018.09.13-14.57.18:606][644]LogBlueprintUserMessages: [BP_Tank_C_0] 76
[2018.09.13-14.57.18:808][668]LogBlueprintUserMessages: [BP_Tank_C_0] 75
[2018.09.13-14.57.19:008][692]LogBlueprintUserMessages: [BP_Tank_C_0] 74
[2018.09.13-14.57.19:209][716]LogBlueprintUserMessages: [BP_Tank_C_0] 73
[2018.09.13-14.57.19:408][740]LogBlueprintUserMessages: [BP_Tank_C_0] 72
[2018.09.13-14.57.19:608][764]LogBlueprintUserMessages: [BP_Tank_C_0] 71
[2018.09.13-14.57.19:808][788]LogBlueprintUserMessages: [BP_Tank_C_0] 70
[2018.09.13-14.57.20:009][812]LogBlueprintUserMessages: [BP_Tank_C_0] 69
[2018.09.13-14.57.20:209][836]LogBlueprintUserMessages: [BP_Tank_C_0] 68
[2018.09.13-14.57.20:408][860]LogBlueprintUserMessages: [BP_Tank_C_0] 92
[2018.09.13-14.57.20:608][884]LogBlueprintUserMessages: [BP_Tank_C_0] 91
[2018.09.13-14.57.20:808][908]LogBlueprintUserMessages: [BP_Tank_C_0] 90
[2018.09.13-14.57.21:009][932]LogBlueprintUserMessages: [BP_Tank_C_0] 89
[2018.09.13-14.57.21:209][956]LogBlueprintUserMessages: [BP_Tank_C_0] 88
[2018.09.13-14.57.21:408][980]LogBlueprintUserMessages: [BP_Tank_C_0] 87
[2018.09.13-14.57.21:608][  4]LogBlueprintUserMessages: [BP_Tank_C_0] 86
[2018.09.13-14.57.21:808][ 28]LogBlueprintUserMessages: [BP_Tank_C_0] 85
[2018.09.13-14.57.22:008][ 52]LogBlueprintUserMessages: [BP_Tank_C_0] 84
[2018.09.13-14.57.22:208][ 76]LogBlueprintUserMessages: [BP_Tank_C_0] 83
[2018.09.13-14.57.22:408][100]LogBlueprintUserMessages: [BP_Tank_C_0] 82
[2018.09.13-14.57.22:608][124]LogBlueprintUserMessages: [BP_Tank_C_0] 81
[2018.09.13-14.57.22:808][148]LogBlueprintUserMessages: [BP_Tank_C_0] 80
[2018.09.13-14.57.23:009][172]LogBlueprintUserMessages: [BP_Tank_C_0] 79
[2018.09.13-14.57.23:208][196]LogBlueprintUserMessages: [BP_Tank_C_0] 78
[2018.09.13-14.57.23:408][220]LogBlueprintUserMessages: [BP_Tank_C_0] 77
[2018.09.13-14.57.23:608][244]LogBlueprintUserMessages: [BP_Tank_C_0] 76
[2018.09.13-14.57.23:809][268]LogBlueprintUserMessages: [BP_Tank_C_0] 75
[2018.09.13-14.57.24:009][292]LogBlueprintUserMessages: [BP_Tank_C_0] 74
[2018.09.13-14.57.24:209][316]LogBlueprintUserMessages: [BP_Tank_C_0] 73
[2018.09.13-14.57.24:408][340]LogBlueprintUserMessages: [BP_Tank_C_0] 97
[2018.09.13-14.57.24:608][364]LogBlueprintUserMessages: [BP_Tank_C_0] 96
[2018.09.13-14.57.24:809][388]LogBlueprintUserMessages: [BP_Tank_C_0] 95
[2018.09.13-14.57.25:009][412]LogBlueprintUserMessages: [BP_Tank_C_0] 94
[2018.09.13-14.57.25:208][436]LogBlueprintUserMessages: [BP_Tank_C_0] 93
[2018.09.13-14.57.25:408][460]LogBlueprintUserMessages: [BP_Tank_C_0] 92
[2018.09.13-14.57.25:609][484]LogBlueprintUserMessages: [BP_Tank_C_0] 91
[2018.09.13-14.57.25:809][508]LogBlueprintUserMessages: [BP_Tank_C_0] 90
[2018.09.13-14.57.26:008][532]LogBlueprintUserMessages: [BP_Tank_C_0] 89
[2018.09.13-14.57.26:209][556]LogBlueprintUserMessages: [BP_Tank_C_0] 88
[2018.09.13-14.57.26:409][580]LogBlueprintUserMessages: [BP_Tank_C_0] 87
[2018.09.13-14.57.26:609][604]LogBlueprintUserMessages: [BP_Tank_C_0] 86
[2018.09.13-14.57.26:809][628]LogBlueprintUserMessages: [BP_Tank_C_0] 85
[2018.09.13-14.57.27:009][652]LogBlueprintUserMessages: [BP_Tank_C_0] 84
[2018.09.13-14.57.27:209][676]LogBlueprintUserMessages: [BP_Tank_C_0] 83
[2018.09.13-14.57.27:409][700]LogBlueprintUserMessages: [BP_Tank_C_0] 82
[2018.09.13-14.57.27:609][724]LogBlueprintUserMessages: [BP_Tank_C_0] 81
[2018.09.13-14.57.27:809][748]LogBlueprintUserMessages: [BP_Tank_C_0] 80
[2018.09.13-14.57.28:009][772]LogBlueprintUserMessages: [BP_Tank_C_0] 79
[2018.09.13-14.57.28:208][796]LogBlueprintUserMessages: [BP_Tank_C_0] 78
[2018.09.13-14.57.28:410][820]LogBlueprintUserMessages: [BP_Tank_C_0] 102
[2018.09.13-14.57.28:615][844]LogBlueprintUserMessages: [BP_Tank_C_0] 101
[2018.09.13-14.57.28:815][868]LogBlueprintUserMessages: [BP_Tank_C_0] 100
[2018.09.13-14.57.29:015][892]LogBlueprintUserMessages: [BP_Tank_C_0] 99
[2018.09.13-14.57.29:214][916]LogBlueprintUserMessages: [BP_Tank_C_0] 98
[2018.09.13-14.57.29:414][940]LogBlueprintUserMessages: [BP_Tank_C_0] 97
[2018.09.13-14.57.29:614][964]LogBlueprintUserMessages: [BP_Tank_C_0] 96
[2018.09.13-14.57.29:815][988]LogBlueprintUserMessages: [BP_Tank_C_0] 95
[2018.09.13-14.57.30:015][ 12]LogBlueprintUserMessages: [BP_Tank_C_0] 94
[2018.09.13-14.57.30:215][ 36]LogBlueprintUserMessages: [BP_Tank_C_0] 93
[2018.09.13-14.57.30:414][ 60]LogBlueprintUserMessages: [BP_Tank_C_0] 92
[2018.09.13-14.57.30:614][ 84]LogBlueprintUserMessages: [BP_Tank_C_0] 91
[2018.09.13-14.57.30:815][108]LogBlueprintUserMessages: [BP_Tank_C_0] 90
[2018.09.13-14.57.31:015][132]LogBlueprintUserMessages: [BP_Tank_C_0] 89
[2018.09.13-14.57.31:215][156]LogBlueprintUserMessages: [BP_Tank_C_0] 88
[2018.09.13-14.57.31:414][180]LogBlueprintUserMessages: [BP_Tank_C_0] 87
[2018.09.13-14.57.31:615][204]LogBlueprintUserMessages: [BP_Tank_C_0] 86
[2018.09.13-14.57.31:815][228]LogBlueprintUserMessages: [BP_Tank_C_0] 85
[2018.09.13-14.57.32:015][252]LogBlueprintUserMessages: [BP_Tank_C_0] 84
[2018.09.13-14.57.32:215][276]LogBlueprintUserMessages: [BP_Tank_C_0] 83
[2018.09.13-14.57.32:415][300]LogBlueprintUserMessages: [BP_Tank_C_0] 82
[2018.09.13-14.57.32:615][324]LogBlueprintUserMessages: [BP_Tank_C_0] 81
[2018.09.13-14.57.32:815][348]LogBlueprintUserMessages: [BP_Tank_C_0] 80
[2018.09.13-14.57.33:015][372]LogBlueprintUserMessages: [BP_Tank_C_0] 79
[2018.09.13-14.57.33:215][396]LogBlueprintUserMessages: [BP_Tank_C_0] 78
[2018.09.13-14.57.33:415][420]LogBlueprintUserMessages: [BP_Tank_C_0] 77
[2018.09.13-14.57.33:614][444]LogBlueprintUserMessages: [BP_Tank_C_0] 76
[2018.09.13-14.57.33:815][468]LogBlueprintUserMessages: [BP_Tank_C_0] 75
[2018.09.13-14.57.34:015][492]LogBlueprintUserMessages: [BP_Tank_C_0] 74
[2018.09.13-14.57.34:215][516]LogBlueprintUserMessages: [BP_Tank_C_0] 73
[2018.09.13-14.57.34:416][540]LogBlueprintUserMessages: [BP_Tank_C_0] 72
[2018.09.13-14.57.34:615][564]LogBlueprintUserMessages: [BP_Tank_C_0] 71
[2018.09.13-14.57.34:815][588]LogBlueprintUserMessages: [BP_Tank_C_0] 70
[2018.09.13-14.57.35:015][612]LogBlueprintUserMessages: [BP_Tank_C_0] 69
[2018.09.13-14.57.35:215][636]LogBlueprintUserMessages: [BP_Tank_C_0] 68
[2018.09.13-14.57.35:415][660]LogBlueprintUserMessages: [BP_Tank_C_0] 67
[2018.09.13-14.57.35:615][684]LogBlueprintUserMessages: [BP_Tank_C_0] 66
[2018.09.13-14.57.35:815][708]LogBlueprintUserMessages: [BP_Tank_C_0] 65
[2018.09.13-14.57.36:015][732]LogBlueprintUserMessages: [BP_Tank_C_0] 64
[2018.09.13-14.57.36:215][756]LogBlueprintUserMessages: [BP_Tank_C_0] 63
[2018.09.13-14.57.36:415][780]LogBlueprintUserMessages: [BP_Tank_C_0] 62
[2018.09.13-14.57.36:615][804]LogBlueprintUserMessages: [BP_Tank_C_0] 61
[2018.09.13-14.57.36:815][828]LogBlueprintUserMessages: [BP_Tank_C_0] 60
[2018.09.13-14.57.37:015][852]LogBlueprintUserMessages: [BP_Tank_C_0] 59
[2018.09.13-14.57.37:215][876]LogBlueprintUserMessages: [BP_Tank_C_0] 58
[2018.09.13-14.57.37:415][900]LogBlueprintUserMessages: [BP_Tank_C_0] 57
[2018.09.13-14.57.37:616][924]LogBlueprintUserMessages: [BP_Tank_C_0] 56
[2018.09.13-14.57.37:816][948]LogBlueprintUserMessages: [BP_Tank_C_0] 55
[2018.09.13-14.57.38:016][972]LogBlueprintUserMessages: [BP_Tank_C_0] 54
[2018.09.13-14.57.38:216][996]LogBlueprintUserMessages: [BP_Tank_C_0] 53
[2018.09.13-14.57.38:415][ 20]LogBlueprintUserMessages: [BP_Tank_C_0] 52
[2018.09.13-14.57.38:616][ 44]LogBlueprintUserMessages: [BP_Tank_C_0] 51
[2018.09.13-14.57.38:816][ 68]LogBlueprintUserMessages: [BP_Tank_C_0] 50
[2018.09.13-14.57.39:016][ 92]LogBlueprintUserMessages: [BP_Tank_C_0] 49
[2018.09.13-14.57.39:215][116]LogBlueprintUserMessages: [BP_Tank_C_0] 48
[2018.09.13-14.57.39:415][140]LogBlueprintUserMessages: [BP_Tank_C_0] 47
[2018.09.13-14.57.39:615][164]LogBlueprintUserMessages: [BP_Tank_C_0] 46
[2018.09.13-14.57.39:815][188]LogBlueprintUserMessages: [BP_Tank_C_0] 45
[2018.09.13-14.57.40:015][212]LogBlueprintUserMessages: [BP_Tank_C_0] 44
[2018.09.13-14.57.40:215][236]LogBlueprintUserMessages: [BP_Tank_C_0] 43
[2018.09.13-14.57.40:416][260]LogBlueprintUserMessages: [BP_Tank_C_0] 42
[2018.09.13-14.57.40:616][284]LogBlueprintUserMessages: [BP_Tank_C_0] 41
[2018.09.13-14.57.40:816][308]LogBlueprintUserMessages: [BP_Tank_C_0] 40
[2018.09.13-14.57.41:016][332]LogBlueprintUserMessages: [BP_Tank_C_0] 39
[2018.09.13-14.57.41:216][356]LogBlueprintUserMessages: [BP_Tank_C_0] 38
[2018.09.13-14.57.41:416][380]LogBlueprintUserMessages: [BP_Tank_C_0] 37
[2018.09.13-14.57.41:615][404]LogBlueprintUserMessages: [BP_Tank_C_0] 36
[2018.09.13-14.57.41:816][428]LogBlueprintUserMessages: [BP_Tank_C_0] 35
[2018.09.13-14.57.42:016][452]LogBlueprintUserMessages: [BP_Tank_C_0] 34
[2018.09.13-14.57.42:216][476]LogBlueprintUserMessages: [BP_Tank_C_0] 33
[2018.09.13-14.57.42:416][500]LogBlueprintUserMessages: [BP_Tank_C_0] 32
[2018.09.13-14.57.42:616][524]LogBlueprintUserMessages: [BP_Tank_C_0] 31
[2018.09.13-14.57.42:816][548]LogBlueprintUserMessages: [BP_Tank_C_0] 30
[2018.09.13-14.57.43:016][572]LogBlueprintUserMessages: [BP_Tank_C_0] 29
[2018.09.13-14.57.43:216][596]LogBlueprintUserMessages: [BP_Tank_C_0] 28
[2018.09.13-14.57.43:416][620]LogBlueprintUserMessages: [BP_Tank_C_0] 27
[2018.09.13-14.57.43:616][644]LogBlueprintUserMessages: [BP_Tank_C_0] 26
[2018.09.13-14.57.43:816][668]LogBlueprintUserMessages: [BP_Tank_C_0] 25
[2018.09.13-14.57.44:016][692]LogBlueprintUserMessages: [BP_Tank_C_0] 24
[2018.09.13-14.57.44:217][716]LogBlueprintUserMessages: [BP_Tank_C_0] 23
[2018.09.13-14.57.44:416][740]LogBlueprintUserMessages: [BP_Tank_C_0] 22
[2018.09.13-14.57.44:617][764]LogBlueprintUserMessages: [BP_Tank_C_0] 21
[2018.09.13-14.57.44:816][788]LogBlueprintUserMessages: [BP_Tank_C_0] 20
[2018.09.13-14.57.45:016][812]LogBlueprintUserMessages: [BP_Tank_C_0] 19
[2018.09.13-14.57.45:216][836]LogBlueprintUserMessages: [BP_Tank_C_0] 18
[2018.09.13-14.57.45:417][860]LogBlueprintUserMessages: [BP_Tank_C_0] 17
[2018.09.13-14.57.45:418][860]LogSlate: Updating window title bar state: overlay mode, drag disabled, window buttons hidden, title bar hidden
[2018.09.13-14.57.45:453][860]LogPlayLevel: Display: Shutting down PIE online subsystems
[2018.09.13-14.57.45:500][860]LogSlate: Updating window title bar state: overlay mode, drag disabled, window buttons hidden, title bar hidden
[2018.09.13-14.57.45:523][862]LogPlayLevel: Display: Destroying online subsystem :Context_3
[2018.09.13-15.25.04:149][312]LogSlate: FSceneViewport::OnFocusLost() reason 0
[2018.09.13-15.25.09:129][889]LogSlate: Window 'TankMovement - Unreal Editor' being destroyed
[2018.09.13-15.25.09:331][890]Cmd: QUIT_EDITOR
[2018.09.13-15.25.09:870][890]LogWindowsTextInputMethodSystem: Display: IME system now deactivated.
[2018.09.13-15.25.09:915][890]LogExit: Preparing to exit.
[2018.09.13-15.25.10:698][890]LogExit: Editor shut down
[2018.09.13-15.25.10:699][890]LogExit: Transaction tracking system shut down
[2018.09.13-15.25.11:081][890]LogExit: Object subsystem successfully closed.
[2018.09.13-15.25.11:099][890]LogShaderCompilers: Display: Shaders left to compile 0
[2018.09.13-15.25.11:105][890]LogD3D11RHI: Shutdown
[2018.09.13-15.25.11:105][890]LogD3D11RHI: CleanupD3DDevice
[2018.09.13-15.25.11:108][890]LogD3D11RHI: ~FD3D11DynamicRHI
[2018.09.13-15.25.11:146][890]LogModuleManager: Shutting down and abandoning module MovieSceneCapture (616)
[2018.09.13-15.25.11:146][890]LogModuleManager: Shutting down and abandoning module Voice (614)
[2018.09.13-15.25.11:146][890]LogModuleManager: Shutting down and abandoning module HierarchicalLODOutliner (612)
[2018.09.13-15.25.11:147][890]LogModuleManager: Shutting down and abandoning module ExternalImagePicker (610)
[2018.09.13-15.25.11:147][890]LogModuleManager: Shutting down and abandoning module SceneOutliner (608)
[2018.09.13-15.25.11:147][890]LogModuleManager: Shutting down and abandoning module AddContentDialog (606)
[2018.09.13-15.25.11:147][890]LogModuleManager: Shutting down and abandoning module WidgetCarousel (605)
[2018.09.13-15.25.11:147][890]LogModuleManager: Shutting down and abandoning module EditorWidgets (602)
[2018.09.13-15.25.11:147][890]LogModuleManager: Shutting down and abandoning module CollectionManager (600)
[2018.09.13-15.25.11:148][890]LogModuleManager: Shutting down and abandoning module StatsViewer (598)
[2018.09.13-15.25.11:148][890]LogModuleManager: Shutting down and abandoning module FoliageEdit (596)
[2018.09.13-15.25.11:148][890]LogModuleManager: Shutting down and abandoning module LandscapeEditor (594)
[2018.09.13-15.25.11:148][890]LogModuleManager: Shutting down and abandoning module MeshPaintMode (592)
[2018.09.13-15.25.11:148][890]LogModuleManager: Shutting down and abandoning module SceneDepthPickerMode (590)
[2018.09.13-15.25.11:148][890]LogModuleManager: Shutting down and abandoning module ActorPickerMode (588)
[2018.09.13-15.25.11:148][890]LogModuleManager: Shutting down and abandoning module GeometryMode (586)
[2018.09.13-15.25.11:148][890]LogModuleManager: Shutting down and abandoning module TextureAlignMode (584)
[2018.09.13-15.25.11:148][890]LogModuleManager: Shutting down and abandoning module BspMode (582)
[2018.09.13-15.25.11:148][890]LogModuleManager: Shutting down and abandoning module PIEPreviewDeviceProfileSelector (580)
[2018.09.13-15.25.11:148][890]LogModuleManager: Shutting down and abandoning module SequenceRecorderSections (578)
[2018.09.13-15.25.11:148][890]LogModuleManager: Shutting down and abandoning module AutomationWorker (576)
[2018.09.13-15.25.11:148][890]LogModuleManager: Shutting down and abandoning module AudioCaptureEditor (574)
[2018.09.13-15.25.11:148][890]LogModuleManager: Shutting down and abandoning module SequenceRecorder (573)
[2018.09.13-15.25.11:148][890]LogModuleManager: Shutting down and abandoning module MatineeToLevelSequence (570)
[2018.09.13-15.25.11:148][890]LogModuleManager: Shutting down and abandoning module LevelSequenceEditor (568)
[2018.09.13-15.25.11:149][890]LogModuleManager: Shutting down and abandoning module PlacementMode (567)
[2018.09.13-15.25.11:149][890]LogModuleManager: Shutting down and abandoning module MaterialEditor (566)
[2018.09.13-15.25.11:149][890]LogModuleManager: Shutting down and abandoning module WmfMediaFactory (562)
[2018.09.13-15.25.11:149][890]LogModuleManager: Shutting down and abandoning module WmfMediaEditor (560)
[2018.09.13-15.25.11:149][890]LogModuleManager: Shutting down and abandoning module MediaPlayerEditor (558)
[2018.09.13-15.25.11:150][890]LogModuleManager: Shutting down and abandoning module OpenExrWrapper (556)
[2018.09.13-15.25.11:150][890]LogModuleManager: Shutting down and abandoning module ImgMediaFactory (554)
[2018.09.13-15.25.11:150][890]LogModuleManager: Shutting down and abandoning module ImgMediaEditor (552)
[2018.09.13-15.25.11:150][890]LogModuleManager: Shutting down and abandoning module AvfMediaFactory (550)
[2018.09.13-15.25.11:150][890]LogModuleManager: Shutting down and abandoning module AvfMediaEditor (548)
[2018.09.13-15.25.11:150][890]LogModuleManager: Shutting down and abandoning module AndroidMediaFactory (546)
[2018.09.13-15.25.11:150][890]LogModuleManager: Shutting down and abandoning module AndroidMediaEditor (544)
[2018.09.13-15.25.11:150][890]LogModuleManager: Shutting down and abandoning module MagicLeapCameraPreviewFactory (542)
[2018.09.13-15.25.11:150][890]LogModuleManager: Shutting down and abandoning module MagicLeapMediaFactory (540)
[2018.09.13-15.25.11:150][890]LogModuleManager: Shutting down and abandoning module MagicLeapMediaEditor (538)
[2018.09.13-15.25.11:150][890]LogModuleManager: Shutting down and abandoning module CharacterAI (536)
[2018.09.13-15.25.11:150][890]LogModuleManager: Shutting down and abandoning module SmartSnapping (534)
[2018.09.13-15.25.11:150][890]LogModuleManager: Shutting down and abandoning module SessionServices (532)
[2018.09.13-15.25.11:150][890]LogModuleManager: Shutting down and abandoning module ViewportSnapping (530)
[2018.09.13-15.25.11:150][890]LogModuleManager: Shutting down and abandoning module ViewportInteraction (528)
[2018.09.13-15.25.11:150][890]LogModuleManager: Shutting down and abandoning module ClothPainter (526)
[2018.09.13-15.25.11:150][890]LogModuleManager: Shutting down and abandoning module SkeletalMeshEditor (525)
[2018.09.13-15.25.11:150][890]LogModuleManager: Shutting down and abandoning module LogVisualizer (522)
[2018.09.13-15.25.11:150][890]LogModuleManager: Shutting down and abandoning module IntroTutorials (520)
[2018.09.13-15.25.11:151][890]LogModuleManager: Shutting down and abandoning module GameProjectGeneration (519)
[2018.09.13-15.25.11:151][890]LogModuleManager: Shutting down and abandoning module LuminPlatformEditor (516)
[2018.09.13-15.25.11:151][890]LogModuleManager: Shutting down and abandoning module IOSPlatformEditor (514)
[2018.09.13-15.25.11:151][890]LogModuleManager: Shutting down and abandoning module HTML5PlatformEditor (512)
[2018.09.13-15.25.11:151][890]LogModuleManager: Shutting down and abandoning module AndroidPlatformEditor (510)
[2018.09.13-15.25.11:151][890]LogModuleManager: Shutting down and abandoning module AndroidDeviceDetection (509)
[2018.09.13-15.25.12:708][890]LogModuleManager: Shutting down and abandoning module WindowsPlatformEditor (506)
[2018.09.13-15.25.12:708][890]LogModuleManager: Shutting down and abandoning module LuminRuntimeSettings (504)
[2018.09.13-15.25.12:708][890]LogModuleManager: Shutting down and abandoning module IOSRuntimeSettings (502)
[2018.09.13-15.25.12:708][890]LogModuleManager: Shutting down and abandoning module AndroidRuntimeSettings (500)
[2018.09.13-15.25.12:708][890]LogModuleManager: Shutting down and abandoning module InputBindingEditor (498)
[2018.09.13-15.25.12:708][890]LogModuleManager: Shutting down and abandoning module MergeActors (496)
[2018.09.13-15.25.12:708][890]LogModuleManager: Shutting down and abandoning module LocalizationDashboard (494)
[2018.09.13-15.25.12:708][890]LogModuleManager: Shutting down and abandoning module LocalizationService (493)
[2018.09.13-15.25.12:708][890]LogModuleManager: Shutting down and abandoning module HardwareTargeting (490)
[2018.09.13-15.25.12:708][890]LogModuleManager: Shutting down and abandoning module DeviceProfileEditor (488)
[2018.09.13-15.25.12:708][890]LogModuleManager: Shutting down and abandoning module UndoHistory (486)
[2018.09.13-15.25.12:708][890]LogModuleManager: Shutting down and abandoning module XmlParser (484)
[2018.09.13-15.25.12:709][890]LogModuleManager: Shutting down and abandoning module Blutility (482)
[2018.09.13-15.25.12:709][890]LogModuleManager: Shutting down and abandoning module ProjectSettingsViewer (480)
[2018.09.13-15.25.12:709][890]LogModuleManager: Shutting down and abandoning module ProjectTargetPlatformEditor (479)
[2018.09.13-15.25.12:709][890]LogModuleManager: Shutting down and abandoning module EditorSettingsViewer (476)
[2018.09.13-15.25.12:709][890]LogModuleManager: Shutting down and abandoning module SettingsEditor (474)
[2018.09.13-15.25.12:709][890]LogModuleManager: Shutting down and abandoning module ProjectLauncher (472)
[2018.09.13-15.25.12:709][890]LogModuleManager: Shutting down and abandoning module SessionFrontend (470)
[2018.09.13-15.25.12:709][890]LogModuleManager: Shutting down and abandoning module ProfilerClient (468)
[2018.09.13-15.25.12:709][890]LogModuleManager: Shutting down and abandoning module DeviceManager (466)
[2018.09.13-15.25.12:709][890]LogModuleManager: Shutting down and abandoning module TargetDeviceServices (465)
[2018.09.13-15.25.12:763][890]LogModuleManager: Shutting down and abandoning module AutomationController (462)
[2018.09.13-15.25.12:763][890]LogModuleManager: Shutting down and abandoning module AutomationWindow (460)
[2018.09.13-15.25.12:763][890]LogModuleManager: Shutting down and abandoning module Layers (458)
[2018.09.13-15.25.12:763][890]LogModuleManager: Shutting down and abandoning module ComponentVisualizers (456)
[2018.09.13-15.25.12:763][890]LogModuleManager: Shutting down and abandoning module DetailCustomizations (454)
[2018.09.13-15.25.12:763][890]LogModuleManager: Shutting down and abandoning module PackagesDialog (452)
[2018.09.13-15.25.12:763][890]LogModuleManager: Shutting down and abandoning module Persona (450)
[2018.09.13-15.25.12:764][890]LogModuleManager: Shutting down and abandoning module AdvancedPreviewScene (449)
[2018.09.13-15.25.12:764][890]LogModuleManager: Shutting down and abandoning module AnimGraph (447)
[2018.09.13-15.25.12:764][890]LogModuleManager: Shutting down and abandoning module Kismet (444)
[2018.09.13-15.25.12:766][890]LogModuleManager: Shutting down and abandoning module GraphEditor (442)
[2018.09.13-15.25.12:766][890]LogModuleManager: Shutting down and abandoning module ClassViewer (440)
[2018.09.13-15.25.12:766][890]LogModuleManager: Shutting down and abandoning module Toolbox (438)
[2018.09.13-15.25.12:767][890]LogModuleManager: Shutting down and abandoning module ModuleUI (436)
[2018.09.13-15.25.12:767][890]LogModuleManager: Shutting down and abandoning module MovieSceneTools (434)
[2018.09.13-15.25.12:767][890]LogModuleManager: Shutting down and abandoning module OutputLog (432)
[2018.09.13-15.25.12:767][890]LogModuleManager: Shutting down and abandoning module GammaUI (430)
[2018.09.13-15.25.12:767][890]LogModuleManager: Shutting down and abandoning module Documentation (428)
[2018.09.13-15.25.12:767][890]LogModuleManager: Shutting down and abandoning module MovieSceneTracks (426)
[2018.09.13-15.25.12:767][890]LogModuleManager: Shutting down and abandoning module MovieScene (424)
[2018.09.13-15.25.12:767][890]LogModuleManager: Shutting down and abandoning module StreamingPauseRendering (422)
[2018.09.13-15.25.12:767][890]LogModuleManager: Shutting down and abandoning module LauncherPlatform (420)
[2018.09.13-15.25.12:768][890]LogModuleManager: Shutting down and abandoning module AnalyticsET (418)
[2018.09.13-15.25.12:768][890]LogModuleManager: Shutting down and abandoning module PortalServices (416)
[2018.09.13-15.25.12:768][890]LogModuleManager: Shutting down and abandoning module PortalRpc (414)
[2018.09.13-15.25.12:768][890]LogModuleManager: Shutting down and abandoning module MessagingRpc (412)
[2018.09.13-15.25.12:768][890]LogModuleManager: Shutting down and abandoning module AIModule (410)
[2018.09.13-15.25.12:768][890]LogModuleManager: Shutting down and abandoning module GameplayDebugger (409)
[2018.09.13-15.25.12:768][890]LogModuleManager: Shutting down and abandoning module AITestSuite (407)
[2018.09.13-15.25.12:768][890]LogModuleManager: Shutting down and abandoning module NavigationSystem (405)
[2018.09.13-15.25.12:768][890]LogModuleManager: Shutting down and abandoning module DesktopPlatform (402)
[2018.09.13-15.25.12:768][890]LogModuleManager: Shutting down and abandoning module ProfilerService (400)
[2018.09.13-15.25.12:994][890]LogModuleManager: Shutting down and abandoning module TaskGraph (398)
[2018.09.13-15.25.12:994][890]LogModuleManager: Shutting down and abandoning module SteamVRController (396)
[2018.09.13-15.25.12:994][890]LogModuleManager: Shutting down and abandoning module ProceduralMeshComponentEditor (394)
[2018.09.13-15.25.12:995][890]LogModuleManager: Shutting down and abandoning module ProceduralMeshComponent (392)
[2018.09.13-15.25.12:995][890]LogModuleManager: Shutting down and abandoning module OculusInput (390)
[2018.09.13-15.25.12:995][890]LogModuleManager: Shutting down and abandoning module MobilePatchingUtils (388)
[2018.09.13-15.25.12:995][890]LogModuleManager: Shutting down and abandoning module EditableMesh (386)
[2018.09.13-15.25.12:995][890]LogModuleManager: Shutting down and abandoning module CustomMeshComponent (384)
[2018.09.13-15.25.12:995][890]LogModuleManager: Shutting down and abandoning module CableComponent (382)
[2018.09.13-15.25.12:995][890]LogModuleManager: Shutting down and abandoning module AudioCapture (380)
[2018.09.13-15.25.12:995][890]LogModuleManager: Shutting down and abandoning module ArchVisCharacter (378)
[2018.09.13-15.25.12:995][890]LogModuleManager: Shutting down and abandoning module AndroidPermission (376)
[2018.09.13-15.25.12:995][890]LogModuleManager: Shutting down and abandoning module NUTUnrealEngine4 (374)
[2018.09.13-15.25.12:995][890]LogModuleManager: Shutting down and abandoning module NetcodeUnitTest (372)
[2018.09.13-15.25.12:995][890]LogModuleManager: Shutting down and abandoning module MediaCompositingEditor (370)
[2018.09.13-15.25.12:995][890]LogModuleManager: Shutting down and abandoning module MediaCompositing (368)
[2018.09.13-15.25.12:995][890]LogModuleManager: Shutting down and abandoning module LinearTimecode (366)
[2018.09.13-15.25.12:996][890]LogModuleManager: Shutting down and abandoning module ImgMedia (364)
[2018.09.13-15.25.13:007][890]LogModuleManager: Shutting down and abandoning module HTML5Networking (362)
[2018.09.13-15.25.13:007][890]LogModuleManager: Shutting down and abandoning module GeometryCacheTracks (360)
[2018.09.13-15.25.13:007][890]LogModuleManager: Shutting down and abandoning module GeometryCacheSequencer (358)
[2018.09.13-15.25.13:007][890]LogModuleManager: Shutting down and abandoning module BackChannel (356)
[2018.09.13-15.25.13:007][890]LogModuleManager: Shutting down and abandoning module AppleVision (354)
[2018.09.13-15.25.13:007][890]LogModuleManager: Shutting down and abandoning module AppleImageUtils (352)
[2018.09.13-15.25.13:007][890]LogModuleManager: Shutting down and abandoning module AlembicImporter (350)
[2018.09.13-15.25.13:007][890]LogModuleManager: Shutting down and abandoning module AlembicLibrary (349)
[2018.09.13-15.25.13:008][890]LogModuleManager: Shutting down and abandoning module GeometryCache (348)
[2018.09.13-15.25.13:008][890]LogModuleManager: Shutting down and abandoning module GeometryCacheEd (347)
[2018.09.13-15.25.13:008][890]LogModuleManager: Shutting down and abandoning module DatasmithContentEditor (342)
[2018.09.13-15.25.13:008][890]LogModuleManager: Shutting down and abandoning module DatasmithContent (340)
[2018.09.13-15.25.13:009][890]LogModuleManager: Shutting down and abandoning module SpeedTreeImporter (338)
[2018.09.13-15.25.13:009][890]LogModuleManager: Shutting down and abandoning module PluginBrowser (336)
[2018.09.13-15.25.13:009][890]LogModuleManager: Shutting down and abandoning module MobileLauncherProfileWizard (334)
[2018.09.13-15.25.13:009][890]LogModuleManager: Shutting down and abandoning module PolygonModeling (332)
[2018.09.13-15.25.13:009][890]LogModuleManager: Shutting down and abandoning module MeshEditor (330)
[2018.09.13-15.25.13:009][890]LogModuleManager: Shutting down and abandoning module CryptoKeysOpenSSL (328)
[2018.09.13-15.25.13:009][890]LogModuleManager: Shutting down and abandoning module CryptoKeys (326)
[2018.09.13-15.25.13:009][890]LogModuleManager: Shutting down and abandoning module VisualStudioSourceCodeAccess (324)
[2018.09.13-15.25.13:009][890]LogModuleManager: Shutting down and abandoning module VisualStudioCodeSourceCodeAccess (322)
[2018.09.13-15.25.13:010][890]LogModuleManager: Shutting down and abandoning module UObjectPlugin (320)
[2018.09.13-15.25.13:010][890]LogModuleManager: Shutting down and abandoning module SubversionSourceControl (318)
[2018.09.13-15.25.13:010][890]LogModuleManager: Shutting down and abandoning module PerforceSourceControl (316)
[2018.09.13-15.25.13:010][890]LogModuleManager: Shutting down and abandoning module GitSourceControl (314)
[2018.09.13-15.25.13:010][890]LogModuleManager: Shutting down and abandoning module SourceControl (313)
[2018.09.13-15.25.13:010][890]LogModuleManager: Shutting down and abandoning module CLionSourceCodeAccess (310)
[2018.09.13-15.25.13:010][890]LogModuleManager: Shutting down and abandoning module LightPropagationVolumeEditor (308)
[2018.09.13-15.25.13:010][890]LogModuleManager: Shutting down and abandoning module PaperTiledImporter (306)
[2018.09.13-15.25.13:010][890]LogModuleManager: Shutting down and abandoning module PaperSpriteSheetImporter (304)
[2018.09.13-15.25.13:010][890]LogModuleManager: Shutting down and abandoning module Paper2DEditor (302)
[2018.09.13-15.25.13:010][890]LogModuleManager: Shutting down and abandoning module MeshPaint (301)
[2018.09.13-15.25.13:011][890]LogModuleManager: Shutting down and abandoning module RuntimePhysXCooking (298)
[2018.09.13-15.25.13:011][890]LogModuleManager: Shutting down and abandoning module PhysXVehiclesEditor (296)
[2018.09.13-15.25.13:011][890]LogModuleManager: Shutting down and abandoning module PhysXVehicles (294)
[2018.09.13-15.25.13:011][890]LogModuleManager: Shutting down and abandoning module OculusEditor (292)
[2018.09.13-15.25.13:011][890]LogModuleManager: Shutting down and abandoning module LocationServicesBPLibrary (290)
[2018.09.13-15.25.13:011][890]LogModuleManager: Shutting down and abandoning module ImmediatePhysicsEditor (288)
[2018.09.13-15.25.13:011][890]LogModuleManager: Shutting down and abandoning module ImmediatePhysics (286)
[2018.09.13-15.25.13:011][890]LogModuleManager: Shutting down and abandoning module ActorSequence (284)
[2018.09.13-15.25.13:011][890]LogModuleManager: Shutting down and abandoning module UdpMessaging (282)
[2018.09.13-15.25.13:112][890]LogModuleManager: Shutting down and abandoning module TcpMessaging (280)
[2018.09.13-15.25.13:213][890]LogModuleManager: Shutting down and abandoning module MagicLeapAudio (278)
[2018.09.13-15.25.13:213][890]LogModuleManager: Shutting down and abandoning module GameplayTagsEditor (276)
[2018.09.13-15.25.13:213][890]LogModuleManager: Shutting down and abandoning module FacialAnimationEditor (274)
[2018.09.13-15.25.13:213][890]LogModuleManager: Shutting down and abandoning module FacialAnimation (272)
[2018.09.13-15.25.13:213][890]LogModuleManager: Shutting down and abandoning module DataValidation (270)
[2018.09.13-15.25.13:213][890]LogModuleManager: Shutting down and abandoning module AssetManagerEditor (268)
[2018.09.13-15.25.13:213][890]LogModuleManager: Shutting down and abandoning module LevelEditor (267)
[2018.09.13-15.25.13:237][890]LogModuleManager: Shutting down and abandoning module PixelInspectorModule (266)
[2018.09.13-15.25.13:237][890]LogModuleManager: Shutting down and abandoning module CommonMenuExtensions (264)
[2018.09.13-15.25.13:237][890]LogModuleManager: Shutting down and abandoning module MainFrame (262)
[2018.09.13-15.25.13:238][890]LogModuleManager: Shutting down and abandoning module HotReload (261)
[2018.09.13-15.25.13:239][890]LogModuleManager: Shutting down and abandoning module ContentBrowser (257)
[2018.09.13-15.25.13:241][890]LogModuleManager: Shutting down and abandoning module TreeMap (255)
[2018.09.13-15.25.13:242][890]LogModuleManager: Shutting down and abandoning module LightPropagationVolumeRuntime (252)
[2018.09.13-15.25.13:242][890]LogModuleManager: Shutting down and abandoning module AISupportModule (250)
[2018.09.13-15.25.13:242][890]LogModuleManager: Shutting down and abandoning module Paper2D (248)
[2018.09.13-15.25.13:242][890]LogModuleManager: Shutting down and abandoning module WindowsMoviePlayer (246)
[2018.09.13-15.25.13:242][890]LogModuleManager: Shutting down and abandoning module WmfMedia (244)
[2018.09.13-15.25.13:244][890]LogModuleManager: Shutting down and abandoning module Media (243)
[2018.09.13-15.25.13:251][890]LogModuleManager: Shutting down and abandoning module PacketHandler (240)
[2018.09.13-15.25.13:251][890]LogModuleManager: Shutting down and abandoning module ClothingSystemEditor (238)
[2018.09.13-15.25.13:251][890]LogModuleManager: Shutting down and abandoning module ClothingSystemRuntime (236)
[2018.09.13-15.25.13:251][890]LogModuleManager: Shutting down and abandoning module MediaAssets (234)
[2018.09.13-15.25.13:251][890]LogModuleManager: Shutting down and abandoning module Overlay (232)
[2018.09.13-15.25.13:251][890]LogModuleManager: Shutting down and abandoning module OverlayEditor (231)
[2018.09.13-15.25.13:251][890]LogModuleManager: Shutting down and abandoning module VREditor (228)
[2018.09.13-15.25.13:251][890]LogModuleManager: Shutting down and abandoning module StringTableEditor (226)
[2018.09.13-15.25.13:251][890]LogModuleManager: Shutting down and abandoning module GameplayTasksEditor (224)
[2018.09.13-15.25.13:251][890]LogModuleManager: Shutting down and abandoning module BehaviorTreeEditor (222)
[2018.09.13-15.25.13:251][890]LogModuleManager: Shutting down and abandoning module FunctionalTesting (220)
[2018.09.13-15.25.13:251][890]LogModuleManager: Shutting down and abandoning module CollisionAnalyzer (218)
[2018.09.13-15.25.13:251][890]LogModuleManager: Shutting down and abandoning module WorkspaceMenuStructure (217)
[2018.09.13-15.25.13:251][890]LogModuleManager: Shutting down and abandoning module UMG (214)
[2018.09.13-15.25.13:252][890]LogModuleManager: Shutting down and abandoning module UMGEditor (213)
[2018.09.13-15.25.13:252][890]LogModuleManager: Shutting down and abandoning module Sequencer (212)
[2018.09.13-15.25.13:252][890]LogModuleManager: Shutting down and abandoning module MessageLog (209)
[2018.09.13-15.25.13:252][890]LogModuleManager: Shutting down and abandoning module SlateReflector (204)
[2018.09.13-15.25.13:252][890]LogModuleManager: Shutting down and abandoning module Slate (202)
[2018.09.13-15.25.13:252][890]LogModuleManager: Shutting down and abandoning module EditorStyle (200)
[2018.09.13-15.25.13:257][890]LogModuleManager: Shutting down and abandoning module MRMesh (198)
[2018.09.13-15.25.13:257][890]LogModuleManager: Shutting down and abandoning module SourceCodeAccess (196)
[2018.09.13-15.25.13:257][890]LogModuleManager: Shutting down and abandoning module HeadMountedDisplay (194)
[2018.09.13-15.25.13:257][890]LogModuleManager: Shutting down and abandoning module XAudio2 (192)
[2018.09.13-15.25.13:257][890]LogModuleManager: Shutting down and abandoning module Networking (190)
[2018.09.13-15.25.13:257][890]LogModuleManager: Shutting down and abandoning module Core (188)
[2018.09.13-15.25.13:257][890]LogModuleManager: Shutting down and abandoning module LevelSequence (186)
[2018.09.13-15.25.13:257][890]LogModuleManager: Shutting down and abandoning module KismetCompiler (184)
[2018.09.13-15.25.13:257][890]LogModuleManager: Shutting down and abandoning module MeshUtilities (182)
[2018.09.13-15.25.13:257][890]LogModuleManager: Shutting down and abandoning module MeshMergeUtilities (181)
[2018.09.13-15.25.13:258][890]LogModuleManager: Shutting down and abandoning module MeshReductionInterface (180)
[2018.09.13-15.25.13:258][890]LogModuleManager: Shutting down and abandoning module SimplygonSwarm (179)
[2018.09.13-15.25.13:258][890]LogModuleManager: Shutting down and abandoning module ProxyLODMeshReduction (177)
[2018.09.13-15.25.13:258][890]LogModuleManager: Shutting down and abandoning module SimplygonMeshReduction (175)
[2018.09.13-15.25.13:258][890]LogModuleManager: Shutting down and abandoning module QuadricMeshReduction (173)
[2018.09.13-15.25.13:258][890]LogModuleManager: Shutting down and abandoning module MaterialBaking (169)
[2018.09.13-15.25.13:258][890]LogModuleManager: Shutting down and abandoning module DirectoryWatcher (165)
[2018.09.13-15.25.13:258][890]LogModuleManager: Shutting down and abandoning module DerivedDataCache (162)
[2018.09.13-15.25.13:298][890]LogDerivedDataCache: Shutdown
[2018.09.13-15.25.13:298][890]LogModuleManager: Shutting down and abandoning module XGEController (160)
[2018.09.13-15.25.13:298][890]LogModuleManager: Shutting down and abandoning module TargetPlatform (158)
[2018.09.13-15.25.13:298][890]LogModuleManager: Shutting down and abandoning module VulkanShaderFormat (157)
[2018.09.13-15.25.13:298][890]LogModuleManager: Shutting down and abandoning module ShaderFormatVectorVM (155)
[2018.09.13-15.25.13:298][890]LogModuleManager: Shutting down and abandoning module ShaderFormatOpenGL (153)
[2018.09.13-15.25.13:298][890]LogModuleManager: Shutting down and abandoning module ShaderFormatD3D (151)
[2018.09.13-15.25.13:298][890]LogModuleManager: Shutting down and abandoning module MetalShaderFormat (149)
[2018.09.13-15.25.13:299][890]LogModuleManager: Shutting down and abandoning module TextureFormatUncompressed (147)
[2018.09.13-15.25.13:300][890]LogModuleManager: Shutting down and abandoning module TextureFormatPVR (145)
[2018.09.13-15.25.13:300][890]LogModuleManager: Shutting down and abandoning module TextureFormatDXT (143)
[2018.09.13-15.25.13:300][890]LogModuleManager: Shutting down and abandoning module TextureFormatIntelISPCTexComp (141)
[2018.09.13-15.25.13:300][890]LogModuleManager: Shutting down and abandoning module TextureFormatASTC (139)
[2018.09.13-15.25.13:300][890]LogModuleManager: Shutting down and abandoning module ImageWrapper (138)
[2018.09.13-15.25.13:300][890]LogModuleManager: Shutting down and abandoning module TextureFormatAndroid (135)
[2018.09.13-15.25.13:300][890]LogModuleManager: Shutting down and abandoning module AudioFormatOpus (133)
[2018.09.13-15.25.13:300][890]LogModuleManager: Shutting down and abandoning module AudioFormatOgg (131)
[2018.09.13-15.25.13:300][890]LogModuleManager: Shutting down and abandoning module AudioFormatADPCM (129)
[2018.09.13-15.25.13:300][890]LogModuleManager: Shutting down and abandoning module LuminTargetPlatform (127)
[2018.09.13-15.25.13:300][890]LogModuleManager: Shutting down and abandoning module LinuxTargetPlatform (125)
[2018.09.13-15.25.13:300][890]LogModuleManager: Shutting down and abandoning module LinuxServerTargetPlatform (123)
[2018.09.13-15.25.13:300][890]LogModuleManager: Shutting down and abandoning module LinuxNoEditorTargetPlatform (121)
[2018.09.13-15.25.13:300][890]LogModuleManager: Shutting down and abandoning module LinuxClientTargetPlatform (119)
[2018.09.13-15.25.13:300][890]LogModuleManager: Shutting down and abandoning module TVOSTargetPlatform (117)
[2018.09.13-15.25.13:301][890]LogModuleManager: Shutting down and abandoning module Messaging (115)
[2018.09.13-15.25.13:301][890]LogModuleManager: Shutting down and abandoning module IOSTargetPlatform (113)
[2018.09.13-15.25.13:302][890]LogModuleManager: Shutting down and abandoning module HTML5TargetPlatform (111)
[2018.09.13-15.25.13:302][890]LogModuleManager: Shutting down and abandoning module AndroidTargetPlatform (109)
[2018.09.13-15.25.13:309][890]LogModuleManager: Shutting down and abandoning module WindowsTargetPlatform (107)
[2018.09.13-15.25.13:309][890]LogModuleManager: Shutting down and abandoning module WindowsServerTargetPlatform (105)
[2018.09.13-15.25.13:309][890]LogModuleManager: Shutting down and abandoning module WindowsNoEditorTargetPlatform (103)
[2018.09.13-15.25.13:309][890]LogModuleManager: Shutting down and abandoning module WindowsClientTargetPlatform (101)
[2018.09.13-15.25.13:309][890]LogModuleManager: Shutting down and abandoning module MacTargetPlatform (99)
[2018.09.13-15.25.13:309][890]LogModuleManager: Shutting down and abandoning module MacServerTargetPlatform (97)
[2018.09.13-15.25.13:309][890]LogModuleManager: Shutting down and abandoning module MacNoEditorTargetPlatform (95)
[2018.09.13-15.25.13:309][890]LogModuleManager: Shutting down and abandoning module MacClientTargetPlatform (93)
[2018.09.13-15.25.13:309][890]LogModuleManager: Shutting down and abandoning module AllDesktopTargetPlatform (91)
[2018.09.13-15.25.13:309][890]LogModuleManager: Shutting down and abandoning module InputCore (88)
[2018.09.13-15.25.13:309][890]LogModuleManager: Shutting down and abandoning module Settings (86)
[2018.09.13-15.25.13:310][890]LogModuleManager: Shutting down and abandoning module PhysXCooking (84)
[2018.09.13-15.25.13:310][890]LogModuleManager: Shutting down and abandoning module SteamVR (82)
[2018.09.13-15.25.13:310][890]LogModuleManager: Shutting down and abandoning module OculusHMD (80)
[2018.09.13-15.25.13:310][890]LogModuleManager: Shutting down and abandoning module ExampleDeviceProfileSelector (78)
[2018.09.13-15.25.13:310][890]LogModuleManager: Shutting down and abandoning module LauncherChunkInstaller (76)
[2018.09.13-15.25.13:310][890]LogModuleManager: Shutting down and abandoning module OnlineBlueprintSupport (74)
[2018.09.13-15.25.13:310][890]LogModuleManager: Shutting down and abandoning module OnlineSubsystem (70)
[2018.09.13-15.25.13:310][890]LogModuleManager: Shutting down and abandoning module XMPP (65)
[2018.09.13-15.25.13:311][890]LogModuleManager: Shutting down and abandoning module WebSockets (64)
[2018.09.13-15.25.13:324][890]LogModuleManager: Shutting down and abandoning module HTTP (61)
[2018.09.13-15.25.13:324][890]LogHttp: Display: Http module shutting down, but needs to wait on 1 outstanding Http requests:
[2018.09.13-15.25.13:324][890]LogHttp: Display: 	verb=[POST] url=[https://datarouter.ol.epicgames.com/datarouter/api/v1/public/data?SessionID=%7BEE843605-44ED-E36D-664B-C6B4E49CAB9B%7D&AppID=UEEditor.Rocket.Release&AppVersion=4.20.2-4302132%2B%2B%2BUE4%2BRelease-4.20&UserID=e60e0faa462fdfc7a40295b526d35764%7Cccb48b301bbc497aa5c422652c5ddcc0%7Cafd0f51a-cd2b-4ca4-a7a3-06d7db89698f&AppEnvironment=datacollector-binary&UploadType=eteventstream] status=Processing
[2018.09.13-15.25.13:334][890]LogModuleManager: Shutting down and abandoning module SSL (60)
[2018.09.13-15.25.13:336][890]LogModuleManager: Shutting down and abandoning module MagicLeapEmulator (56)
[2018.09.13-15.25.13:336][890]LogModuleManager: Shutting down and abandoning module MagicLeapPrivileges (54)
[2018.09.13-15.25.13:336][890]LogModuleManager: Shutting down and abandoning module MagicLeapIdentity (52)
[2018.09.13-15.25.13:336][890]LogModuleManager: Shutting down and abandoning module MagicLeapHelperVulkan (50)
[2018.09.13-15.25.13:336][890]LogModuleManager: Shutting down and abandoning module MagicLeapHelperOpenGL (48)
[2018.09.13-15.25.13:336][890]LogModuleManager: Shutting down and abandoning module MagicLeapSecureStorage (46)
[2018.09.13-15.25.13:336][890]LogModuleManager: Shutting down and abandoning module MagicLeapGestures (44)
[2018.09.13-15.25.13:336][890]LogModuleManager: Shutting down and abandoning module MagicLeapEyeTracker (42)
[2018.09.13-15.25.13:336][890]LogModuleManager: Shutting down and abandoning module MagicLeapController (40)
[2018.09.13-15.25.13:336][890]LogSlate: Slate User Destroyed.  User Index 0, Is Virtual User: 0
[2018.09.13-15.25.13:336][890]LogModuleManager: Shutting down and abandoning module MagicLeap (38)
[2018.09.13-15.25.13:337][890]LogModuleManager: Shutting down and abandoning module AnimationModifiers (36)
[2018.09.13-15.25.13:337][890]LogModuleManager: Shutting down and abandoning module PropertyEditor (35)
[2018.09.13-15.25.13:337][890]LogModuleManager: Shutting down and abandoning module AudioEditor (32)
[2018.09.13-15.25.13:337][890]LogModuleManager: Shutting down and abandoning module TextureCompressor (30)
[2018.09.13-15.25.13:338][890]LogModuleManager: Shutting down and abandoning module ShaderCore (28)
[2018.09.13-15.25.13:338][890]LogModuleManager: Shutting down and abandoning module Landscape (26)
[2018.09.13-15.25.13:338][890]LogModuleManager: Shutting down and abandoning module SlateRHIRenderer (24)
[2018.09.13-15.25.13:338][890]LogModuleManager: Shutting down and abandoning module OpenGLDrv (22)
[2018.09.13-15.25.13:338][890]LogModuleManager: Shutting down and abandoning module D3D11RHI (20)
[2018.09.13-15.25.13:338][890]LogModuleManager: Shutting down and abandoning module AnimGraphRuntime (18)
[2018.09.13-15.25.13:338][890]LogModuleManager: Shutting down and abandoning module Renderer (16)
[2018.09.13-15.25.13:338][890]LogModuleManager: Shutting down and abandoning module Engine (14)
[2018.09.13-15.25.13:338][890]LogModuleManager: Shutting down and abandoning module CoreUObject (12)
[2018.09.13-15.25.13:338][890]LogModuleManager: Shutting down and abandoning module NetworkFile (10)
[2018.09.13-15.25.13:338][890]LogModuleManager: Shutting down and abandoning module CookedIterativeFile (8)
[2018.09.13-15.25.13:339][890]LogModuleManager: Shutting down and abandoning module StreamingFile (6)
[2018.09.13-15.25.13:339][890]LogModuleManager: Shutting down and abandoning module SandboxFile (4)
[2018.09.13-15.25.13:339][890]LogModuleManager: Shutting down and abandoning module PakFile (2)
[2018.09.13-15.25.13:343][890]LogExit: Exiting.
[2018.09.13-15.25.13:350][890]Log file closed, 09/13/18 17:25:13
